<?xml version="1.0" encoding="UTF-8"?>
<robot generator="Robot 6.0.2 (Python 3.11.1 on win32)" generated="20230312 23:06:17.043" rpa="false" schemaversion="3">
<suite id="s1" name="TestCasePesquisarProduto" source="f:\projetoPython\iterasys\pageObejct\TestSuit\TestCasePesquisarProduto.robot">
<test id="s1-t1" name="Pesquisar Produto" line="5">
<kw name="Ler Arquivo Json [Vendors\\dados_produtos.json]" library="config" sourcename="Ler Arquivo Json [${LocalArquivoJson}]">
<var>${ArquivoJson}</var>
<kw name="Load Json From File" library="JSONLibrary">
<var>${ArquivoJson}</var>
<arg>${LocalArquivoJson}</arg>
<arg>UTF-8</arg>
<doc>Load JSON from file.</doc>
<msg timestamp="20230312 23:06:17.340" level="INFO">${ArquivoJson} = [{'indice': '0', 'termo_pesquisa': 'HD Portatil Externo 1TB', 'produto_pesquisado': 'HD Portátil Externo 1TB WD Western Digital USB 3.0', 'valor_produto': '371', 'mensagem_de_sucesso': 'Adicionado ao ...</msg>
<status status="PASS" starttime="20230312 23:06:17.339" endtime="20230312 23:06:17.340"/>
</kw>
<kw name="Log To Console" library="BuiltIn">
<arg>\nArquivo utilizado: ${LocalArquivoJson}</arg>
<doc>Logs the given message to the console.</doc>
<status status="PASS" starttime="20230312 23:06:17.342" endtime="20230312 23:06:17.342"/>
</kw>
<msg timestamp="20230312 23:06:17.343" level="INFO">${ArquivoJson} = [{'indice': '0', 'termo_pesquisa': 'HD Portatil Externo 1TB', 'produto_pesquisado': 'HD Portátil Externo 1TB WD Western Digital USB 3.0', 'valor_produto': '371', 'mensagem_de_sucesso': 'Adicionado ao ...</msg>
<status status="PASS" starttime="20230312 23:06:17.339" endtime="20230312 23:06:17.343"/>
</kw>
<kw name="Get Length" library="BuiltIn">
<var>${tamanhoJson}</var>
<arg>${ArquivoJson}</arg>
<doc>Returns and logs the length of the given item as an integer.</doc>
<msg timestamp="20230312 23:06:17.344" level="INFO">Length is 2</msg>
<msg timestamp="20230312 23:06:17.344" level="INFO">${tamanhoJson} = 2</msg>
<status status="PASS" starttime="20230312 23:06:17.344" endtime="20230312 23:06:17.344"/>
</kw>
<kw name="Log To Console" library="BuiltIn">
<arg>Quantidade de Produtos: ${tamanhoJson}</arg>
<doc>Logs the given message to the console.</doc>
<status status="PASS" starttime="20230312 23:06:17.344" endtime="20230312 23:06:17.345"/>
</kw>
<for flavor="IN RANGE">
<var>${indice}</var>
<value>0</value>
<value>${tamanhoJson}</value>
<iter>
<var name="${indice}">0</var>
<kw name="Dado que acessei a tela inicial" library="PagePesquisarProduto">
<kw name="Abrir Site" library="config">
<kw name="Open Browser" library="SeleniumLibrary">
<arg>${url}</arg>
<arg>${browser}</arg>
<doc>Opens a new browser instance to the optional ``url``.</doc>
<msg timestamp="20230312 23:06:17.347" level="INFO">Opening browser 'Chrome' to base url 'https://www.amazon.com.br'.</msg>
<status status="PASS" starttime="20230312 23:06:17.346" endtime="20230312 23:06:20.270"/>
</kw>
<kw name="Sleep" library="BuiltIn">
<arg>3</arg>
<doc>Pauses the test executed for the given time.</doc>
<msg timestamp="20230312 23:06:23.271" level="INFO">Slept 3 seconds</msg>
<status status="PASS" starttime="20230312 23:06:20.270" endtime="20230312 23:06:23.271"/>
</kw>
<status status="PASS" starttime="20230312 23:06:17.346" endtime="20230312 23:06:23.271"/>
</kw>
<status status="PASS" starttime="20230312 23:06:17.346" endtime="20230312 23:06:23.272"/>
</kw>
<kw name="Quando eu preencher o campo pesquisar [${indice}]" library="PagePesquisarProduto" sourcename="Quando eu preencher o campo pesquisar [${indice}]">
<kw name="Ler Arquivo Json [Vendors\\dados_produtos.json]" library="config" sourcename="Ler Arquivo Json [${LocalArquivoJson}]">
<var>${ArquivoJson}</var>
<kw name="Load Json From File" library="JSONLibrary">
<var>${ArquivoJson}</var>
<arg>${LocalArquivoJson}</arg>
<arg>UTF-8</arg>
<doc>Load JSON from file.</doc>
<msg timestamp="20230312 23:06:23.275" level="INFO">${ArquivoJson} = [{'indice': '0', 'termo_pesquisa': 'HD Portatil Externo 1TB', 'produto_pesquisado': 'HD Portátil Externo 1TB WD Western Digital USB 3.0', 'valor_produto': '371', 'mensagem_de_sucesso': 'Adicionado ao ...</msg>
<status status="PASS" starttime="20230312 23:06:23.273" endtime="20230312 23:06:23.275"/>
</kw>
<kw name="Log To Console" library="BuiltIn">
<arg>\nArquivo utilizado: ${LocalArquivoJson}</arg>
<doc>Logs the given message to the console.</doc>
<status status="PASS" starttime="20230312 23:06:23.276" endtime="20230312 23:06:23.277"/>
</kw>
<msg timestamp="20230312 23:06:23.277" level="INFO">${ArquivoJson} = [{'indice': '0', 'termo_pesquisa': 'HD Portatil Externo 1TB', 'produto_pesquisado': 'HD Portátil Externo 1TB WD Western Digital USB 3.0', 'valor_produto': '371', 'mensagem_de_sucesso': 'Adicionado ao ...</msg>
<status status="PASS" starttime="20230312 23:06:23.273" endtime="20230312 23:06:23.278"/>
</kw>
<kw name="Set Global Variable" library="BuiltIn">
<arg>${ArquivoJson}</arg>
<doc>Makes a variable available globally in all tests and suites.</doc>
<msg timestamp="20230312 23:06:23.279" level="INFO">${ArquivoJson} = [{'indice': '0', 'termo_pesquisa': 'HD Portatil Externo 1TB', 'produto_pesquisado': 'HD Portátil Externo 1TB WD Western Digital USB 3.0', 'valor_produto': '371', 'mensagem_de_sucesso': 'Adicionado ao ...</msg>
<status status="PASS" starttime="20230312 23:06:23.279" endtime="20230312 23:06:23.280"/>
</kw>
<kw name="Set Global Variable" library="BuiltIn">
<arg>${indice}</arg>
<doc>Makes a variable available globally in all tests and suites.</doc>
<msg timestamp="20230312 23:06:23.280" level="INFO">${indice} = 0</msg>
<status status="PASS" starttime="20230312 23:06:23.280" endtime="20230312 23:06:23.280"/>
</kw>
<kw name="Get From Dictionary" library="Collections">
<var>${termo_pesquisa}</var>
<arg>${ArquivoJson[${indice}]}</arg>
<arg>termo_pesquisa</arg>
<doc>Returns a value from the given ``dictionary`` based on the given ``key``.</doc>
<msg timestamp="20230312 23:06:23.282" level="INFO">${termo_pesquisa} = HD Portatil Externo 1TB</msg>
<status status="PASS" starttime="20230312 23:06:23.281" endtime="20230312 23:06:23.283"/>
</kw>
<kw name="Wait Until Element Is Visible" library="SeleniumLibrary">
<arg>id=twotabsearchtextbox</arg>
<doc>Waits until the element ``locator`` is visible.</doc>
<status status="PASS" starttime="20230312 23:06:23.284" endtime="20230312 23:06:23.357"/>
</kw>
<kw name="Input Text" library="SeleniumLibrary">
<arg>id=twotabsearchtextbox</arg>
<arg>${termo_pesquisa}</arg>
<doc>Types the given ``text`` into the text field identified by ``locator``.</doc>
<msg timestamp="20230312 23:06:23.359" level="INFO">Typing text 'HD Portatil Externo 1TB' into text field 'id=twotabsearchtextbox'.</msg>
<status status="PASS" starttime="20230312 23:06:23.358" endtime="20230312 23:06:23.509"/>
</kw>
<status status="PASS" starttime="20230312 23:06:23.272" endtime="20230312 23:06:23.509"/>
</kw>
<kw name="E clicar no botao de pesquisa" library="PagePesquisarProduto">
<kw name="Wait Until Element Is Visible" library="SeleniumLibrary">
<arg>id=nav-search-submit-button</arg>
<doc>Waits until the element ``locator`` is visible.</doc>
<status status="PASS" starttime="20230312 23:06:23.509" endtime="20230312 23:06:23.526"/>
</kw>
<kw name="Click Element" library="SeleniumLibrary">
<arg>id=nav-search-submit-button</arg>
<doc>Click the element identified by ``locator``.</doc>
<msg timestamp="20230312 23:06:23.527" level="INFO">Clicking element 'id=nav-search-submit-button'.</msg>
<status status="PASS" starttime="20230312 23:06:23.527" endtime="20230312 23:06:23.626"/>
</kw>
<status status="PASS" starttime="20230312 23:06:23.509" endtime="20230312 23:06:23.626"/>
</kw>
<kw name="E clico no produto" library="PagePesquisarProduto">
<kw name="Get From Dictionary" library="Collections">
<var>${produto_pesquisado}</var>
<arg>${ArquivoJson[${indice}]}</arg>
<arg>produto_pesquisado</arg>
<doc>Returns a value from the given ``dictionary`` based on the given ``key``.</doc>
<msg timestamp="20230312 23:06:23.628" level="INFO">${produto_pesquisado} = HD Portátil Externo 1TB WD Western Digital USB 3.0</msg>
<status status="PASS" starttime="20230312 23:06:23.627" endtime="20230312 23:06:23.628"/>
</kw>
<kw name="Wait Until Element Is Visible" library="SeleniumLibrary">
<arg>xpath=//*[contains(text(), '${produto_pesquisado}')]</arg>
<doc>Waits until the element ``locator`` is visible.</doc>
<status status="PASS" starttime="20230312 23:06:23.628" endtime="20230312 23:06:24.638"/>
</kw>
<kw name="Click Element" library="SeleniumLibrary">
<arg>xpath=//*[contains(text(), '${produto_pesquisado}')]</arg>
<doc>Click the element identified by ``locator``.</doc>
<msg timestamp="20230312 23:06:24.640" level="INFO">Clicking element 'xpath=//*[contains(text(), 'HD Portátil Externo 1TB WD Western Digital USB 3.0')]'.</msg>
<status status="PASS" starttime="20230312 23:06:24.640" endtime="20230312 23:06:25.394"/>
</kw>
<kw name="Sleep" library="BuiltIn">
<arg>5</arg>
<doc>Pauses the test executed for the given time.</doc>
<msg timestamp="20230312 23:06:30.394" level="INFO">Slept 5 seconds</msg>
<status status="PASS" starttime="20230312 23:06:25.394" endtime="20230312 23:06:30.394"/>
</kw>
<status status="PASS" starttime="20230312 23:06:23.627" endtime="20230312 23:06:30.395"/>
</kw>
<kw name="E verifico nome e preco [${indice}]" library="PageDetalheDoProduto" sourcename="E verifico nome e preco [${indice}]">
<kw name="Ler Arquivo Json [Vendors\\dados_produtos.json]" library="config" sourcename="Ler Arquivo Json [${LocalArquivoJson}]">
<var>${ArquivoJson}</var>
<kw name="Load Json From File" library="JSONLibrary">
<var>${ArquivoJson}</var>
<arg>${LocalArquivoJson}</arg>
<arg>UTF-8</arg>
<doc>Load JSON from file.</doc>
<msg timestamp="20230312 23:06:30.396" level="INFO">${ArquivoJson} = [{'indice': '0', 'termo_pesquisa': 'HD Portatil Externo 1TB', 'produto_pesquisado': 'HD Portátil Externo 1TB WD Western Digital USB 3.0', 'valor_produto': '371', 'mensagem_de_sucesso': 'Adicionado ao ...</msg>
<status status="PASS" starttime="20230312 23:06:30.395" endtime="20230312 23:06:30.396"/>
</kw>
<kw name="Log To Console" library="BuiltIn">
<arg>\nArquivo utilizado: ${LocalArquivoJson}</arg>
<doc>Logs the given message to the console.</doc>
<status status="PASS" starttime="20230312 23:06:30.396" endtime="20230312 23:06:30.397"/>
</kw>
<msg timestamp="20230312 23:06:30.397" level="INFO">${ArquivoJson} = [{'indice': '0', 'termo_pesquisa': 'HD Portatil Externo 1TB', 'produto_pesquisado': 'HD Portátil Externo 1TB WD Western Digital USB 3.0', 'valor_produto': '371', 'mensagem_de_sucesso': 'Adicionado ao ...</msg>
<status status="PASS" starttime="20230312 23:06:30.395" endtime="20230312 23:06:30.397"/>
</kw>
<kw name="Set Global Variable" library="BuiltIn">
<arg>${ArquivoJson}</arg>
<doc>Makes a variable available globally in all tests and suites.</doc>
<msg timestamp="20230312 23:06:30.398" level="INFO">${ArquivoJson} = [{'indice': '0', 'termo_pesquisa': 'HD Portatil Externo 1TB', 'produto_pesquisado': 'HD Portátil Externo 1TB WD Western Digital USB 3.0', 'valor_produto': '371', 'mensagem_de_sucesso': 'Adicionado ao ...</msg>
<status status="PASS" starttime="20230312 23:06:30.398" endtime="20230312 23:06:30.398"/>
</kw>
<kw name="Set Global Variable" library="BuiltIn">
<arg>${indice}</arg>
<doc>Makes a variable available globally in all tests and suites.</doc>
<msg timestamp="20230312 23:06:30.399" level="INFO">${indice} = 0</msg>
<status status="PASS" starttime="20230312 23:06:30.398" endtime="20230312 23:06:30.399"/>
</kw>
<kw name="Get Length" library="BuiltIn">
<var>${quantidade_produtos}</var>
<arg>${ArquivoJson}</arg>
<doc>Returns and logs the length of the given item as an integer.</doc>
<msg timestamp="20230312 23:06:30.399" level="INFO">Length is 2</msg>
<msg timestamp="20230312 23:06:30.399" level="INFO">${quantidade_produtos} = 2</msg>
<status status="PASS" starttime="20230312 23:06:30.399" endtime="20230312 23:06:30.399"/>
</kw>
<kw name="Get From Dictionary" library="Collections">
<var>${produto_pesquisado}</var>
<arg>${ArquivoJson[${indice}]}</arg>
<arg>produto_pesquisado</arg>
<doc>Returns a value from the given ``dictionary`` based on the given ``key``.</doc>
<msg timestamp="20230312 23:06:30.400" level="INFO">${produto_pesquisado} = HD Portátil Externo 1TB WD Western Digital USB 3.0</msg>
<status status="PASS" starttime="20230312 23:06:30.400" endtime="20230312 23:06:30.400"/>
</kw>
<kw name="Get From Dictionary" library="Collections">
<var>${valor_produto}</var>
<arg>${ArquivoJson[${indice}]}</arg>
<arg>valor_produto</arg>
<doc>Returns a value from the given ``dictionary`` based on the given ``key``.</doc>
<msg timestamp="20230312 23:06:30.401" level="INFO">${valor_produto} = 371</msg>
<status status="PASS" starttime="20230312 23:06:30.400" endtime="20230312 23:06:30.401"/>
</kw>
<kw name="Element Should Contain" library="SeleniumLibrary">
<arg>xpath=//span[@id='productTitle']</arg>
<arg>${produto_pesquisado}</arg>
<doc>Verifies that element ``locator`` contains text ``expected``.</doc>
<msg timestamp="20230312 23:06:30.425" level="INFO">Element 'xpath=//span[@id='productTitle']' contains text 'HD Portátil Externo 1TB WD Western Digital USB 3.0'.</msg>
<status status="PASS" starttime="20230312 23:06:30.402" endtime="20230312 23:06:30.426"/>
</kw>
<kw name="Element Should Contain" library="SeleniumLibrary">
<arg>class=a-price-whole</arg>
<arg>${valor_produto}</arg>
<doc>Verifies that element ``locator`` contains text ``expected``.</doc>
<msg timestamp="20230312 23:06:30.446" level="INFO">Element 'class=a-price-whole' contains text '371'.</msg>
<status status="PASS" starttime="20230312 23:06:30.426" endtime="20230312 23:06:30.447"/>
</kw>
<kw name="Capture Page Screenshot" library="SeleniumLibrary">
<arg>ProdutoComValorde${valor_produto}.png</arg>
<doc>Takes a screenshot of the current page and embeds it into a log file.</doc>
<msg timestamp="20230312 23:06:30.780" level="INFO" html="true">&lt;/td&gt;&lt;/tr&gt;&lt;tr&gt;&lt;td colspan="3"&gt;&lt;a href="ProdutoComValorde371.png"&gt;&lt;img src="ProdutoComValorde371.png" width="800px"&gt;&lt;/a&gt;</msg>
<status status="PASS" starttime="20230312 23:06:30.447" endtime="20230312 23:06:30.780"/>
</kw>
<status status="PASS" starttime="20230312 23:06:30.395" endtime="20230312 23:06:30.780"/>
</kw>
<kw name="E adiciono o produto no carrinho" library="PageDetalheDoProduto">
<kw name="Click Element" library="SeleniumLibrary">
<arg>css=input[title='Adicionar ao carrinho']</arg>
<doc>Click the element identified by ``locator``.</doc>
<msg timestamp="20230312 23:06:30.781" level="INFO">Clicking element 'css=input[title='Adicionar ao carrinho']'.</msg>
<status status="PASS" starttime="20230312 23:06:30.781" endtime="20230312 23:06:31.930"/>
</kw>
<status status="PASS" starttime="20230312 23:06:30.780" endtime="20230312 23:06:31.931"/>
</kw>
<kw name="Entao verifico mensagem de sucesso da inclusao" library="PageDetalheDoProduto">
<kw name="Get From Dictionary" library="Collections">
<var>${mensagem_de_sucesso}</var>
<arg>${ArquivoJson[${indice}]}</arg>
<arg>mensagem_de_sucesso</arg>
<doc>Returns a value from the given ``dictionary`` based on the given ``key``.</doc>
<msg timestamp="20230312 23:06:31.932" level="INFO">${mensagem_de_sucesso} = Adicionado ao carrinho</msg>
<status status="PASS" starttime="20230312 23:06:31.931" endtime="20230312 23:06:31.932"/>
</kw>
<kw name="Get Text" library="SeleniumLibrary">
<var>${texto_do_elemento}</var>
<arg>css=div[data-csa-c-content-id='NATC_SMART_WAGON_CONF_MSG_SUCCESS_CONTENT'] span</arg>
<doc>Returns the text value of the element identified by ``locator``.</doc>
<msg timestamp="20230312 23:06:31.965" level="INFO">${texto_do_elemento} = Adicionado ao carrinho</msg>
<status status="PASS" starttime="20230312 23:06:31.932" endtime="20230312 23:06:31.965"/>
</kw>
<kw name="Log To Console" library="BuiltIn">
<arg>Mensagem site: ${texto_do_elemento}</arg>
<doc>Logs the given message to the console.</doc>
<status status="PASS" starttime="20230312 23:06:31.965" endtime="20230312 23:06:31.965"/>
</kw>
<kw name="Should Be Equal" library="BuiltIn">
<arg>${texto_do_elemento}</arg>
<arg>${mensagem_de_sucesso}</arg>
<doc>Fails if the given objects are unequal.</doc>
<status status="PASS" starttime="20230312 23:06:31.966" endtime="20230312 23:06:31.966"/>
</kw>
<status status="PASS" starttime="20230312 23:06:31.931" endtime="20230312 23:06:31.966"/>
</kw>
<kw name="E clico no botao ir ao carrinho" library="PageDetalheDoProduto">
<kw name="Click Element" library="SeleniumLibrary">
<arg>xpath=//a[@href='/gp/cart/view.html?ref_=sw_gtc']</arg>
<doc>Click the element identified by ``locator``.</doc>
<msg timestamp="20230312 23:06:31.967" level="INFO">Clicking element 'xpath=//a[@href='/gp/cart/view.html?ref_=sw_gtc']'.</msg>
<status status="PASS" starttime="20230312 23:06:31.967" endtime="20230312 23:06:34.049"/>
</kw>
<status status="PASS" starttime="20230312 23:06:31.967" endtime="20230312 23:06:34.049"/>
</kw>
<kw name="E verifico no carrinho nome e preco [${indice}]" library="PageCarrinhoProduto" sourcename="E verifico no carrinho nome e preco [${indice}]">
<kw name="Ler Arquivo Json [Vendors\\dados_produtos.json]" library="config" sourcename="Ler Arquivo Json [${LocalArquivoJson}]">
<var>${ArquivoJson}</var>
<kw name="Load Json From File" library="JSONLibrary">
<var>${ArquivoJson}</var>
<arg>${LocalArquivoJson}</arg>
<arg>UTF-8</arg>
<doc>Load JSON from file.</doc>
<msg timestamp="20230312 23:06:34.050" level="INFO">${ArquivoJson} = [{'indice': '0', 'termo_pesquisa': 'HD Portatil Externo 1TB', 'produto_pesquisado': 'HD Portátil Externo 1TB WD Western Digital USB 3.0', 'valor_produto': '371', 'mensagem_de_sucesso': 'Adicionado ao ...</msg>
<status status="PASS" starttime="20230312 23:06:34.050" endtime="20230312 23:06:34.050"/>
</kw>
<kw name="Log To Console" library="BuiltIn">
<arg>\nArquivo utilizado: ${LocalArquivoJson}</arg>
<doc>Logs the given message to the console.</doc>
<status status="PASS" starttime="20230312 23:06:34.051" endtime="20230312 23:06:34.052"/>
</kw>
<msg timestamp="20230312 23:06:34.053" level="INFO">${ArquivoJson} = [{'indice': '0', 'termo_pesquisa': 'HD Portatil Externo 1TB', 'produto_pesquisado': 'HD Portátil Externo 1TB WD Western Digital USB 3.0', 'valor_produto': '371', 'mensagem_de_sucesso': 'Adicionado ao ...</msg>
<status status="PASS" starttime="20230312 23:06:34.049" endtime="20230312 23:06:34.053"/>
</kw>
<kw name="Set Global Variable" library="BuiltIn">
<arg>${ArquivoJson}</arg>
<doc>Makes a variable available globally in all tests and suites.</doc>
<msg timestamp="20230312 23:06:34.054" level="INFO">${ArquivoJson} = [{'indice': '0', 'termo_pesquisa': 'HD Portatil Externo 1TB', 'produto_pesquisado': 'HD Portátil Externo 1TB WD Western Digital USB 3.0', 'valor_produto': '371', 'mensagem_de_sucesso': 'Adicionado ao ...</msg>
<status status="PASS" starttime="20230312 23:06:34.053" endtime="20230312 23:06:34.054"/>
</kw>
<kw name="Set Global Variable" library="BuiltIn">
<arg>${indice}</arg>
<doc>Makes a variable available globally in all tests and suites.</doc>
<msg timestamp="20230312 23:06:34.054" level="INFO">${indice} = 0</msg>
<status status="PASS" starttime="20230312 23:06:34.054" endtime="20230312 23:06:34.055"/>
</kw>
<kw name="Get From Dictionary" library="Collections">
<var>${produto_pesquisado}</var>
<arg>${ArquivoJson[${indice}]}</arg>
<arg>produto_pesquisado</arg>
<doc>Returns a value from the given ``dictionary`` based on the given ``key``.</doc>
<msg timestamp="20230312 23:06:34.056" level="INFO">${produto_pesquisado} = HD Portátil Externo 1TB WD Western Digital USB 3.0</msg>
<status status="PASS" starttime="20230312 23:06:34.055" endtime="20230312 23:06:34.056"/>
</kw>
<kw name="Get From Dictionary" library="Collections">
<var>${valor_carrinho}</var>
<arg>${ArquivoJson[${indice}]}</arg>
<arg>valor_carrinho</arg>
<doc>Returns a value from the given ``dictionary`` based on the given ``key``.</doc>
<msg timestamp="20230312 23:06:34.057" level="INFO">${valor_carrinho} = R$ 371,11</msg>
<status status="PASS" starttime="20230312 23:06:34.056" endtime="20230312 23:06:34.057"/>
</kw>
<kw name="Get Text" library="SeleniumLibrary">
<var>${nome_produto_carrinho}</var>
<arg>css=span[data-a-word-break='normal'] span[aria-hidden='true']</arg>
<doc>Returns the text value of the element identified by ``locator``.</doc>
<msg timestamp="20230312 23:06:34.130" level="INFO">${nome_produto_carrinho} = HD Portátil Externo 1TB WD Western Digital USB 3.0</msg>
<status status="PASS" starttime="20230312 23:06:34.057" endtime="20230312 23:06:34.130"/>
</kw>
<kw name="Get Text" library="SeleniumLibrary">
<var>${valor_produto_carrinho}</var>
<arg>css=.a-size-medium.a-color-base.sc-price.sc-white-space-nowrap.sc-product-price.a-text-bold</arg>
<doc>Returns the text value of the element identified by ``locator``.</doc>
<msg timestamp="20230312 23:06:34.148" level="INFO">${valor_produto_carrinho} = R$ 371,11</msg>
<status status="PASS" starttime="20230312 23:06:34.130" endtime="20230312 23:06:34.148"/>
</kw>
<kw name="Log To Console" library="BuiltIn">
<arg>Nome Produto Carrinho: ${nome_produto_carrinho}</arg>
<doc>Logs the given message to the console.</doc>
<status status="PASS" starttime="20230312 23:06:34.148" endtime="20230312 23:06:34.149"/>
</kw>
<kw name="Log To Console" library="BuiltIn">
<arg>Valor Produto Carrinho: ${valor_produto_carrinho}</arg>
<doc>Logs the given message to the console.</doc>
<status status="PASS" starttime="20230312 23:06:34.149" endtime="20230312 23:06:34.149"/>
</kw>
<kw name="Should Be Equal" library="BuiltIn">
<arg>${nome_produto_carrinho}</arg>
<arg>${produto_pesquisado}</arg>
<doc>Fails if the given objects are unequal.</doc>
<status status="PASS" starttime="20230312 23:06:34.149" endtime="20230312 23:06:34.150"/>
</kw>
<kw name="Should Be Equal" library="BuiltIn">
<arg>${valor_produto_carrinho}</arg>
<arg>${valor_carrinho}</arg>
<doc>Fails if the given objects are unequal.</doc>
<status status="PASS" starttime="20230312 23:06:34.150" endtime="20230312 23:06:34.150"/>
</kw>
<status status="PASS" starttime="20230312 23:06:34.049" endtime="20230312 23:06:34.150"/>
</kw>
<kw name="E fecho o navegador" library="PageCarrinhoProduto">
<kw name="Fechar Navegador" library="config">
<kw name="Close Browser" library="SeleniumLibrary">
<doc>Closes the current browser.</doc>
<status status="PASS" starttime="20230312 23:06:34.151" endtime="20230312 23:06:36.305"/>
</kw>
<status status="PASS" starttime="20230312 23:06:34.151" endtime="20230312 23:06:36.307"/>
</kw>
<status status="PASS" starttime="20230312 23:06:34.151" endtime="20230312 23:06:36.307"/>
</kw>
<status status="PASS" starttime="20230312 23:06:17.345" endtime="20230312 23:06:36.307"/>
</iter>
<iter>
<var name="${indice}">1</var>
<kw name="Dado que acessei a tela inicial" library="PagePesquisarProduto">
<kw name="Abrir Site" library="config">
<kw name="Open Browser" library="SeleniumLibrary">
<arg>${url}</arg>
<arg>${browser}</arg>
<doc>Opens a new browser instance to the optional ``url``.</doc>
<msg timestamp="20230312 23:06:36.313" level="INFO">Opening browser 'Chrome' to base url 'https://www.amazon.com.br'.</msg>
<status status="PASS" starttime="20230312 23:06:36.311" endtime="20230312 23:06:39.212"/>
</kw>
<kw name="Sleep" library="BuiltIn">
<arg>3</arg>
<doc>Pauses the test executed for the given time.</doc>
<msg timestamp="20230312 23:06:42.212" level="INFO">Slept 3 seconds</msg>
<status status="PASS" starttime="20230312 23:06:39.212" endtime="20230312 23:06:42.212"/>
</kw>
<status status="PASS" starttime="20230312 23:06:36.310" endtime="20230312 23:06:42.213"/>
</kw>
<status status="PASS" starttime="20230312 23:06:36.310" endtime="20230312 23:06:42.213"/>
</kw>
<kw name="Quando eu preencher o campo pesquisar [${indice}]" library="PagePesquisarProduto" sourcename="Quando eu preencher o campo pesquisar [${indice}]">
<kw name="Ler Arquivo Json [Vendors\\dados_produtos.json]" library="config" sourcename="Ler Arquivo Json [${LocalArquivoJson}]">
<var>${ArquivoJson}</var>
<kw name="Load Json From File" library="JSONLibrary">
<var>${ArquivoJson}</var>
<arg>${LocalArquivoJson}</arg>
<arg>UTF-8</arg>
<doc>Load JSON from file.</doc>
<msg timestamp="20230312 23:06:42.215" level="INFO">${ArquivoJson} = [{'indice': '0', 'termo_pesquisa': 'HD Portatil Externo 1TB', 'produto_pesquisado': 'HD Portátil Externo 1TB WD Western Digital USB 3.0', 'valor_produto': '371', 'mensagem_de_sucesso': 'Adicionado ao ...</msg>
<status status="PASS" starttime="20230312 23:06:42.214" endtime="20230312 23:06:42.215"/>
</kw>
<kw name="Log To Console" library="BuiltIn">
<arg>\nArquivo utilizado: ${LocalArquivoJson}</arg>
<doc>Logs the given message to the console.</doc>
<status status="PASS" starttime="20230312 23:06:42.215" endtime="20230312 23:06:42.215"/>
</kw>
<msg timestamp="20230312 23:06:42.216" level="INFO">${ArquivoJson} = [{'indice': '0', 'termo_pesquisa': 'HD Portatil Externo 1TB', 'produto_pesquisado': 'HD Portátil Externo 1TB WD Western Digital USB 3.0', 'valor_produto': '371', 'mensagem_de_sucesso': 'Adicionado ao ...</msg>
<status status="PASS" starttime="20230312 23:06:42.213" endtime="20230312 23:06:42.216"/>
</kw>
<kw name="Set Global Variable" library="BuiltIn">
<arg>${ArquivoJson}</arg>
<doc>Makes a variable available globally in all tests and suites.</doc>
<msg timestamp="20230312 23:06:42.216" level="INFO">${ArquivoJson} = [{'indice': '0', 'termo_pesquisa': 'HD Portatil Externo 1TB', 'produto_pesquisado': 'HD Portátil Externo 1TB WD Western Digital USB 3.0', 'valor_produto': '371', 'mensagem_de_sucesso': 'Adicionado ao ...</msg>
<status status="PASS" starttime="20230312 23:06:42.216" endtime="20230312 23:06:42.216"/>
</kw>
<kw name="Set Global Variable" library="BuiltIn">
<arg>${indice}</arg>
<doc>Makes a variable available globally in all tests and suites.</doc>
<msg timestamp="20230312 23:06:42.217" level="INFO">${indice} = 1</msg>
<status status="PASS" starttime="20230312 23:06:42.217" endtime="20230312 23:06:42.217"/>
</kw>
<kw name="Get From Dictionary" library="Collections">
<var>${termo_pesquisa}</var>
<arg>${ArquivoJson[${indice}]}</arg>
<arg>termo_pesquisa</arg>
<doc>Returns a value from the given ``dictionary`` based on the given ``key``.</doc>
<msg timestamp="20230312 23:06:42.218" level="INFO">${termo_pesquisa} = HD Portatil Externo 1TB</msg>
<status status="PASS" starttime="20230312 23:06:42.217" endtime="20230312 23:06:42.218"/>
</kw>
<kw name="Wait Until Element Is Visible" library="SeleniumLibrary">
<arg>id=twotabsearchtextbox</arg>
<doc>Waits until the element ``locator`` is visible.</doc>
<status status="PASS" starttime="20230312 23:06:42.218" endtime="20230312 23:06:42.243"/>
</kw>
<kw name="Input Text" library="SeleniumLibrary">
<arg>id=twotabsearchtextbox</arg>
<arg>${termo_pesquisa}</arg>
<doc>Types the given ``text`` into the text field identified by ``locator``.</doc>
<msg timestamp="20230312 23:06:42.243" level="INFO">Typing text 'HD Portatil Externo 1TB' into text field 'id=twotabsearchtextbox'.</msg>
<status status="PASS" starttime="20230312 23:06:42.243" endtime="20230312 23:06:42.408"/>
</kw>
<status status="PASS" starttime="20230312 23:06:42.213" endtime="20230312 23:06:42.408"/>
</kw>
<kw name="E clicar no botao de pesquisa" library="PagePesquisarProduto">
<kw name="Wait Until Element Is Visible" library="SeleniumLibrary">
<arg>id=nav-search-submit-button</arg>
<doc>Waits until the element ``locator`` is visible.</doc>
<status status="PASS" starttime="20230312 23:06:42.408" endtime="20230312 23:06:42.428"/>
</kw>
<kw name="Click Element" library="SeleniumLibrary">
<arg>id=nav-search-submit-button</arg>
<doc>Click the element identified by ``locator``.</doc>
<msg timestamp="20230312 23:06:42.428" level="INFO">Clicking element 'id=nav-search-submit-button'.</msg>
<status status="PASS" starttime="20230312 23:06:42.428" endtime="20230312 23:06:43.832"/>
</kw>
<status status="PASS" starttime="20230312 23:06:42.408" endtime="20230312 23:06:43.832"/>
</kw>
<kw name="E clico no produto" library="PagePesquisarProduto">
<kw name="Get From Dictionary" library="Collections">
<var>${produto_pesquisado}</var>
<arg>${ArquivoJson[${indice}]}</arg>
<arg>produto_pesquisado</arg>
<doc>Returns a value from the given ``dictionary`` based on the given ``key``.</doc>
<msg timestamp="20230312 23:06:43.833" level="INFO">${produto_pesquisado} = SSD Externo Portátil Sandisk Extreme 1Tb</msg>
<status status="PASS" starttime="20230312 23:06:43.833" endtime="20230312 23:06:43.833"/>
</kw>
<kw name="Wait Until Element Is Visible" library="SeleniumLibrary">
<arg>xpath=//*[contains(text(), '${produto_pesquisado}')]</arg>
<doc>Waits until the element ``locator`` is visible.</doc>
<status status="PASS" starttime="20230312 23:06:43.833" endtime="20230312 23:06:43.914"/>
</kw>
<kw name="Click Element" library="SeleniumLibrary">
<arg>xpath=//*[contains(text(), '${produto_pesquisado}')]</arg>
<doc>Click the element identified by ``locator``.</doc>
<msg timestamp="20230312 23:06:43.915" level="INFO">Clicking element 'xpath=//*[contains(text(), 'SSD Externo Portátil Sandisk Extreme 1Tb')]'.</msg>
<status status="PASS" starttime="20230312 23:06:43.914" endtime="20230312 23:06:47.692"/>
</kw>
<kw name="Sleep" library="BuiltIn">
<arg>5</arg>
<doc>Pauses the test executed for the given time.</doc>
<msg timestamp="20230312 23:06:52.694" level="INFO">Slept 5 seconds</msg>
<status status="PASS" starttime="20230312 23:06:47.693" endtime="20230312 23:06:52.694"/>
</kw>
<status status="PASS" starttime="20230312 23:06:43.832" endtime="20230312 23:06:52.695"/>
</kw>
<kw name="E verifico nome e preco [${indice}]" library="PageDetalheDoProduto" sourcename="E verifico nome e preco [${indice}]">
<kw name="Ler Arquivo Json [Vendors\\dados_produtos.json]" library="config" sourcename="Ler Arquivo Json [${LocalArquivoJson}]">
<var>${ArquivoJson}</var>
<kw name="Load Json From File" library="JSONLibrary">
<var>${ArquivoJson}</var>
<arg>${LocalArquivoJson}</arg>
<arg>UTF-8</arg>
<doc>Load JSON from file.</doc>
<msg timestamp="20230312 23:06:52.699" level="INFO">${ArquivoJson} = [{'indice': '0', 'termo_pesquisa': 'HD Portatil Externo 1TB', 'produto_pesquisado': 'HD Portátil Externo 1TB WD Western Digital USB 3.0', 'valor_produto': '371', 'mensagem_de_sucesso': 'Adicionado ao ...</msg>
<status status="PASS" starttime="20230312 23:06:52.697" endtime="20230312 23:06:52.699"/>
</kw>
<kw name="Log To Console" library="BuiltIn">
<arg>\nArquivo utilizado: ${LocalArquivoJson}</arg>
<doc>Logs the given message to the console.</doc>
<status status="PASS" starttime="20230312 23:06:52.699" endtime="20230312 23:06:52.700"/>
</kw>
<msg timestamp="20230312 23:06:52.700" level="INFO">${ArquivoJson} = [{'indice': '0', 'termo_pesquisa': 'HD Portatil Externo 1TB', 'produto_pesquisado': 'HD Portátil Externo 1TB WD Western Digital USB 3.0', 'valor_produto': '371', 'mensagem_de_sucesso': 'Adicionado ao ...</msg>
<status status="PASS" starttime="20230312 23:06:52.696" endtime="20230312 23:06:52.701"/>
</kw>
<kw name="Set Global Variable" library="BuiltIn">
<arg>${ArquivoJson}</arg>
<doc>Makes a variable available globally in all tests and suites.</doc>
<msg timestamp="20230312 23:06:52.702" level="INFO">${ArquivoJson} = [{'indice': '0', 'termo_pesquisa': 'HD Portatil Externo 1TB', 'produto_pesquisado': 'HD Portátil Externo 1TB WD Western Digital USB 3.0', 'valor_produto': '371', 'mensagem_de_sucesso': 'Adicionado ao ...</msg>
<status status="PASS" starttime="20230312 23:06:52.701" endtime="20230312 23:06:52.702"/>
</kw>
<kw name="Set Global Variable" library="BuiltIn">
<arg>${indice}</arg>
<doc>Makes a variable available globally in all tests and suites.</doc>
<msg timestamp="20230312 23:06:52.703" level="INFO">${indice} = 1</msg>
<status status="PASS" starttime="20230312 23:06:52.703" endtime="20230312 23:06:52.703"/>
</kw>
<kw name="Get Length" library="BuiltIn">
<var>${quantidade_produtos}</var>
<arg>${ArquivoJson}</arg>
<doc>Returns and logs the length of the given item as an integer.</doc>
<msg timestamp="20230312 23:06:52.704" level="INFO">Length is 2</msg>
<msg timestamp="20230312 23:06:52.705" level="INFO">${quantidade_produtos} = 2</msg>
<status status="PASS" starttime="20230312 23:06:52.704" endtime="20230312 23:06:52.705"/>
</kw>
<kw name="Get From Dictionary" library="Collections">
<var>${produto_pesquisado}</var>
<arg>${ArquivoJson[${indice}]}</arg>
<arg>produto_pesquisado</arg>
<doc>Returns a value from the given ``dictionary`` based on the given ``key``.</doc>
<msg timestamp="20230312 23:06:52.707" level="INFO">${produto_pesquisado} = SSD Externo Portátil Sandisk Extreme 1Tb</msg>
<status status="PASS" starttime="20230312 23:06:52.705" endtime="20230312 23:06:52.707"/>
</kw>
<kw name="Get From Dictionary" library="Collections">
<var>${valor_produto}</var>
<arg>${ArquivoJson[${indice}]}</arg>
<arg>valor_produto</arg>
<doc>Returns a value from the given ``dictionary`` based on the given ``key``.</doc>
<msg timestamp="20230312 23:06:52.708" level="INFO">${valor_produto} = 720</msg>
<status status="PASS" starttime="20230312 23:06:52.707" endtime="20230312 23:06:52.708"/>
</kw>
<kw name="Element Should Contain" library="SeleniumLibrary">
<arg>xpath=//span[@id='productTitle']</arg>
<arg>${produto_pesquisado}</arg>
<doc>Verifies that element ``locator`` contains text ``expected``.</doc>
<msg timestamp="20230312 23:06:52.738" level="INFO">Element 'xpath=//span[@id='productTitle']' contains text 'SSD Externo Portátil Sandisk Extreme 1Tb'.</msg>
<status status="PASS" starttime="20230312 23:06:52.709" endtime="20230312 23:06:52.738"/>
</kw>
<kw name="Element Should Contain" library="SeleniumLibrary">
<arg>class=a-price-whole</arg>
<arg>${valor_produto}</arg>
<doc>Verifies that element ``locator`` contains text ``expected``.</doc>
<msg timestamp="20230312 23:06:52.757" level="INFO">Element 'class=a-price-whole' contains text '720'.</msg>
<status status="PASS" starttime="20230312 23:06:52.738" endtime="20230312 23:06:52.758"/>
</kw>
<kw name="Capture Page Screenshot" library="SeleniumLibrary">
<arg>ProdutoComValorde${valor_produto}.png</arg>
<doc>Takes a screenshot of the current page and embeds it into a log file.</doc>
<msg timestamp="20230312 23:06:53.170" level="INFO" html="true">&lt;/td&gt;&lt;/tr&gt;&lt;tr&gt;&lt;td colspan="3"&gt;&lt;a href="ProdutoComValorde720.png"&gt;&lt;img src="ProdutoComValorde720.png" width="800px"&gt;&lt;/a&gt;</msg>
<status status="PASS" starttime="20230312 23:06:52.758" endtime="20230312 23:06:53.170"/>
</kw>
<status status="PASS" starttime="20230312 23:06:52.695" endtime="20230312 23:06:53.171"/>
</kw>
<kw name="E adiciono o produto no carrinho" library="PageDetalheDoProduto">
<kw name="Click Element" library="SeleniumLibrary">
<arg>css=input[title='Adicionar ao carrinho']</arg>
<doc>Click the element identified by ``locator``.</doc>
<msg timestamp="20230312 23:06:53.172" level="INFO">Clicking element 'css=input[title='Adicionar ao carrinho']'.</msg>
<status status="PASS" starttime="20230312 23:06:53.171" endtime="20230312 23:06:54.465"/>
</kw>
<status status="PASS" starttime="20230312 23:06:53.171" endtime="20230312 23:06:54.466"/>
</kw>
<kw name="Entao verifico mensagem de sucesso da inclusao" library="PageDetalheDoProduto">
<kw name="Get From Dictionary" library="Collections">
<var>${mensagem_de_sucesso}</var>
<arg>${ArquivoJson[${indice}]}</arg>
<arg>mensagem_de_sucesso</arg>
<doc>Returns a value from the given ``dictionary`` based on the given ``key``.</doc>
<msg timestamp="20230312 23:06:54.467" level="INFO">${mensagem_de_sucesso} = Adicionado ao carrinho</msg>
<status status="PASS" starttime="20230312 23:06:54.467" endtime="20230312 23:06:54.467"/>
</kw>
<kw name="Get Text" library="SeleniumLibrary">
<var>${texto_do_elemento}</var>
<arg>css=div[data-csa-c-content-id='NATC_SMART_WAGON_CONF_MSG_SUCCESS_CONTENT'] span</arg>
<doc>Returns the text value of the element identified by ``locator``.</doc>
<msg timestamp="20230312 23:06:54.533" level="INFO">${texto_do_elemento} = Adicionado ao carrinho</msg>
<status status="PASS" starttime="20230312 23:06:54.468" endtime="20230312 23:06:54.533"/>
</kw>
<kw name="Log To Console" library="BuiltIn">
<arg>Mensagem site: ${texto_do_elemento}</arg>
<doc>Logs the given message to the console.</doc>
<status status="PASS" starttime="20230312 23:06:54.533" endtime="20230312 23:06:54.534"/>
</kw>
<kw name="Should Be Equal" library="BuiltIn">
<arg>${texto_do_elemento}</arg>
<arg>${mensagem_de_sucesso}</arg>
<doc>Fails if the given objects are unequal.</doc>
<status status="PASS" starttime="20230312 23:06:54.534" endtime="20230312 23:06:54.534"/>
</kw>
<status status="PASS" starttime="20230312 23:06:54.466" endtime="20230312 23:06:54.534"/>
</kw>
<kw name="E clico no botao ir ao carrinho" library="PageDetalheDoProduto">
<kw name="Click Element" library="SeleniumLibrary">
<arg>xpath=//a[@href='/gp/cart/view.html?ref_=sw_gtc']</arg>
<doc>Click the element identified by ``locator``.</doc>
<msg timestamp="20230312 23:06:54.535" level="INFO">Clicking element 'xpath=//a[@href='/gp/cart/view.html?ref_=sw_gtc']'.</msg>
<status status="PASS" starttime="20230312 23:06:54.535" endtime="20230312 23:06:56.456"/>
</kw>
<status status="PASS" starttime="20230312 23:06:54.534" endtime="20230312 23:06:56.457"/>
</kw>
<kw name="E verifico no carrinho nome e preco [${indice}]" library="PageCarrinhoProduto" sourcename="E verifico no carrinho nome e preco [${indice}]">
<kw name="Ler Arquivo Json [Vendors\\dados_produtos.json]" library="config" sourcename="Ler Arquivo Json [${LocalArquivoJson}]">
<var>${ArquivoJson}</var>
<kw name="Load Json From File" library="JSONLibrary">
<var>${ArquivoJson}</var>
<arg>${LocalArquivoJson}</arg>
<arg>UTF-8</arg>
<doc>Load JSON from file.</doc>
<msg timestamp="20230312 23:06:56.458" level="INFO">${ArquivoJson} = [{'indice': '0', 'termo_pesquisa': 'HD Portatil Externo 1TB', 'produto_pesquisado': 'HD Portátil Externo 1TB WD Western Digital USB 3.0', 'valor_produto': '371', 'mensagem_de_sucesso': 'Adicionado ao ...</msg>
<status status="PASS" starttime="20230312 23:06:56.457" endtime="20230312 23:06:56.458"/>
</kw>
<kw name="Log To Console" library="BuiltIn">
<arg>\nArquivo utilizado: ${LocalArquivoJson}</arg>
<doc>Logs the given message to the console.</doc>
<status status="PASS" starttime="20230312 23:06:56.458" endtime="20230312 23:06:56.459"/>
</kw>
<msg timestamp="20230312 23:06:56.459" level="INFO">${ArquivoJson} = [{'indice': '0', 'termo_pesquisa': 'HD Portatil Externo 1TB', 'produto_pesquisado': 'HD Portátil Externo 1TB WD Western Digital USB 3.0', 'valor_produto': '371', 'mensagem_de_sucesso': 'Adicionado ao ...</msg>
<status status="PASS" starttime="20230312 23:06:56.457" endtime="20230312 23:06:56.459"/>
</kw>
<kw name="Set Global Variable" library="BuiltIn">
<arg>${ArquivoJson}</arg>
<doc>Makes a variable available globally in all tests and suites.</doc>
<msg timestamp="20230312 23:06:56.460" level="INFO">${ArquivoJson} = [{'indice': '0', 'termo_pesquisa': 'HD Portatil Externo 1TB', 'produto_pesquisado': 'HD Portátil Externo 1TB WD Western Digital USB 3.0', 'valor_produto': '371', 'mensagem_de_sucesso': 'Adicionado ao ...</msg>
<status status="PASS" starttime="20230312 23:06:56.459" endtime="20230312 23:06:56.460"/>
</kw>
<kw name="Set Global Variable" library="BuiltIn">
<arg>${indice}</arg>
<doc>Makes a variable available globally in all tests and suites.</doc>
<msg timestamp="20230312 23:06:56.460" level="INFO">${indice} = 1</msg>
<status status="PASS" starttime="20230312 23:06:56.460" endtime="20230312 23:06:56.460"/>
</kw>
<kw name="Get From Dictionary" library="Collections">
<var>${produto_pesquisado}</var>
<arg>${ArquivoJson[${indice}]}</arg>
<arg>produto_pesquisado</arg>
<doc>Returns a value from the given ``dictionary`` based on the given ``key``.</doc>
<msg timestamp="20230312 23:06:56.461" level="INFO">${produto_pesquisado} = SSD Externo Portátil Sandisk Extreme 1Tb</msg>
<status status="PASS" starttime="20230312 23:06:56.461" endtime="20230312 23:06:56.462"/>
</kw>
<kw name="Get From Dictionary" library="Collections">
<var>${valor_carrinho}</var>
<arg>${ArquivoJson[${indice}]}</arg>
<arg>valor_carrinho</arg>
<doc>Returns a value from the given ``dictionary`` based on the given ``key``.</doc>
<msg timestamp="20230312 23:06:56.462" level="INFO">${valor_carrinho} = R$ 720,00</msg>
<status status="PASS" starttime="20230312 23:06:56.462" endtime="20230312 23:06:56.462"/>
</kw>
<kw name="Get Text" library="SeleniumLibrary">
<var>${nome_produto_carrinho}</var>
<arg>css=span[data-a-word-break='normal'] span[aria-hidden='true']</arg>
<doc>Returns the text value of the element identified by ``locator``.</doc>
<msg timestamp="20230312 23:06:56.509" level="INFO">${nome_produto_carrinho} = SSD Externo Portátil Sandisk Extreme 1Tb</msg>
<status status="PASS" starttime="20230312 23:06:56.463" endtime="20230312 23:06:56.509"/>
</kw>
<kw name="Get Text" library="SeleniumLibrary">
<var>${valor_produto_carrinho}</var>
<arg>css=.a-size-medium.a-color-base.sc-price.sc-white-space-nowrap.sc-product-price.a-text-bold</arg>
<doc>Returns the text value of the element identified by ``locator``.</doc>
<msg timestamp="20230312 23:06:56.526" level="INFO">${valor_produto_carrinho} = R$ 720,00</msg>
<status status="PASS" starttime="20230312 23:06:56.509" endtime="20230312 23:06:56.526"/>
</kw>
<kw name="Log To Console" library="BuiltIn">
<arg>Nome Produto Carrinho: ${nome_produto_carrinho}</arg>
<doc>Logs the given message to the console.</doc>
<status status="PASS" starttime="20230312 23:06:56.526" endtime="20230312 23:06:56.527"/>
</kw>
<kw name="Log To Console" library="BuiltIn">
<arg>Valor Produto Carrinho: ${valor_produto_carrinho}</arg>
<doc>Logs the given message to the console.</doc>
<status status="PASS" starttime="20230312 23:06:56.527" endtime="20230312 23:06:56.527"/>
</kw>
<kw name="Should Be Equal" library="BuiltIn">
<arg>${nome_produto_carrinho}</arg>
<arg>${produto_pesquisado}</arg>
<doc>Fails if the given objects are unequal.</doc>
<status status="PASS" starttime="20230312 23:06:56.527" endtime="20230312 23:06:56.528"/>
</kw>
<kw name="Should Be Equal" library="BuiltIn">
<arg>${valor_produto_carrinho}</arg>
<arg>${valor_carrinho}</arg>
<doc>Fails if the given objects are unequal.</doc>
<status status="PASS" starttime="20230312 23:06:56.528" endtime="20230312 23:06:56.528"/>
</kw>
<status status="PASS" starttime="20230312 23:06:56.457" endtime="20230312 23:06:56.528"/>
</kw>
<kw name="E fecho o navegador" library="PageCarrinhoProduto">
<kw name="Fechar Navegador" library="config">
<kw name="Close Browser" library="SeleniumLibrary">
<doc>Closes the current browser.</doc>
<status status="PASS" starttime="20230312 23:06:56.529" endtime="20230312 23:06:58.757"/>
</kw>
<status status="PASS" starttime="20230312 23:06:56.529" endtime="20230312 23:06:58.757"/>
</kw>
<status status="PASS" starttime="20230312 23:06:56.528" endtime="20230312 23:06:58.757"/>
</kw>
<status status="PASS" starttime="20230312 23:06:36.309" endtime="20230312 23:06:58.757"/>
</iter>
<status status="PASS" starttime="20230312 23:06:17.345" endtime="20230312 23:06:58.758"/>
</for>
<status status="PASS" starttime="20230312 23:06:17.338" endtime="20230312 23:06:58.759"/>
</test>
<status status="PASS" starttime="20230312 23:06:17.047" endtime="20230312 23:06:58.759"/>
</suite>
<statistics>
<total>
<stat pass="1" fail="0" skip="0">All Tests</stat>
</total>
<tag>
</tag>
<suite>
<stat pass="1" fail="0" skip="0" id="s1" name="TestCasePesquisarProduto">TestCasePesquisarProduto</stat>
</suite>
</statistics>
<errors>
<msg timestamp="20230312 23:06:17.070" level="ERROR">Error in file 'f:\projetoPython\iterasys\pageObejct\Pages\config.robot' on line 7: Setting 'Suite Setup' is not allowed in resource file.</msg>
<msg timestamp="20230312 23:06:17.072" level="ERROR">Error in file 'f:\projetoPython\iterasys\pageObejct\Pages\config.robot' on line 8: Setting 'Suite Teardown' is not allowed in resource file.</msg>
</errors>
</robot>
