<?xml version="1.0" encoding="UTF-8"?>
<robot generator="Robot 6.0.2 (Python 3.11.1 on win32)" generated="20230321 11:11:55.940" rpa="false" schemaversion="3">
<suite id="s1" name="TestCasePesquisarProduto" source="f:\projetoPython\iterasys\pageObejct\TestSuit\TestCasePesquisarProduto.robot">
<test id="s1-t1" name="Pesquisar Produto" line="5">
<kw name="Ler Arquivo Json [Vendors\\dados_produtos.json]" library="config" sourcename="Ler Arquivo Json [${LocalArquivoJson}]">
<var>${ArquivoJson}</var>
<kw name="Load Json From File" library="JSONLibrary">
<var>${ArquivoJson}</var>
<arg>${LocalArquivoJson}</arg>
<arg>UTF-8</arg>
<doc>Load JSON from file.</doc>
<msg timestamp="20230321 11:11:56.246" level="INFO">${ArquivoJson} = [{'indice': '0', 'termo_pesquisa': 'HD Portatil Externo 1TB', 'produto_pesquisado': 'HD Portátil Externo 1TB WD Western Digital USB 3.0', 'valor_produto': '371', 'mensagem_de_sucesso': 'Adicionado ao ...</msg>
<status status="PASS" starttime="20230321 11:11:56.244" endtime="20230321 11:11:56.248"/>
</kw>
<kw name="Log To Console" library="BuiltIn">
<arg>\nArquivo utilizado: ${LocalArquivoJson}</arg>
<doc>Logs the given message to the console.</doc>
<status status="PASS" starttime="20230321 11:11:56.248" endtime="20230321 11:11:56.249"/>
</kw>
<msg timestamp="20230321 11:11:56.249" level="INFO">${ArquivoJson} = [{'indice': '0', 'termo_pesquisa': 'HD Portatil Externo 1TB', 'produto_pesquisado': 'HD Portátil Externo 1TB WD Western Digital USB 3.0', 'valor_produto': '371', 'mensagem_de_sucesso': 'Adicionado ao ...</msg>
<status status="PASS" starttime="20230321 11:11:56.244" endtime="20230321 11:11:56.249"/>
</kw>
<kw name="Get Length" library="BuiltIn">
<var>${tamanhoJson}</var>
<arg>${ArquivoJson}</arg>
<doc>Returns and logs the length of the given item as an integer.</doc>
<msg timestamp="20230321 11:11:56.250" level="INFO">Length is 2</msg>
<msg timestamp="20230321 11:11:56.250" level="INFO">${tamanhoJson} = 2</msg>
<status status="PASS" starttime="20230321 11:11:56.250" endtime="20230321 11:11:56.250"/>
</kw>
<kw name="Log To Console" library="BuiltIn">
<arg>Quantidade de Produtos: ${tamanhoJson}</arg>
<doc>Logs the given message to the console.</doc>
<status status="PASS" starttime="20230321 11:11:56.251" endtime="20230321 11:11:56.251"/>
</kw>
<for flavor="IN RANGE">
<var>${indice}</var>
<value>0</value>
<value>${tamanhoJson}</value>
<iter>
<var name="${indice}">0</var>
<kw name="Dado que acessei a tela inicial" library="PagePesquisarProduto">
<kw name="Abrir Site" library="config">
<kw name="Open Browser" library="SeleniumLibrary">
<arg>${url}</arg>
<arg>${browser}</arg>
<doc>Opens a new browser instance to the optional ``url``.</doc>
<msg timestamp="20230321 11:11:56.253" level="INFO">Opening browser 'Chrome' to base url 'https://www.amazon.com.br'.</msg>
<status status="PASS" starttime="20230321 11:11:56.252" endtime="20230321 11:11:58.983"/>
</kw>
<kw name="Sleep" library="BuiltIn">
<arg>3</arg>
<doc>Pauses the test executed for the given time.</doc>
<msg timestamp="20230321 11:12:01.985" level="INFO">Slept 3 seconds</msg>
<status status="PASS" starttime="20230321 11:11:58.983" endtime="20230321 11:12:01.985"/>
</kw>
<status status="PASS" starttime="20230321 11:11:56.252" endtime="20230321 11:12:01.986"/>
</kw>
<status status="PASS" starttime="20230321 11:11:56.252" endtime="20230321 11:12:01.986"/>
</kw>
<kw name="Quando eu preencher o campo pesquisar [${indice}]" library="PagePesquisarProduto" sourcename="Quando eu preencher o campo pesquisar [${indice}]">
<kw name="Ler Arquivo Json [Vendors\\dados_produtos.json]" library="config" sourcename="Ler Arquivo Json [${LocalArquivoJson}]">
<var>${ArquivoJson}</var>
<kw name="Load Json From File" library="JSONLibrary">
<var>${ArquivoJson}</var>
<arg>${LocalArquivoJson}</arg>
<arg>UTF-8</arg>
<doc>Load JSON from file.</doc>
<msg timestamp="20230321 11:12:01.991" level="INFO">${ArquivoJson} = [{'indice': '0', 'termo_pesquisa': 'HD Portatil Externo 1TB', 'produto_pesquisado': 'HD Portátil Externo 1TB WD Western Digital USB 3.0', 'valor_produto': '371', 'mensagem_de_sucesso': 'Adicionado ao ...</msg>
<status status="PASS" starttime="20230321 11:12:01.989" endtime="20230321 11:12:01.991"/>
</kw>
<kw name="Log To Console" library="BuiltIn">
<arg>\nArquivo utilizado: ${LocalArquivoJson}</arg>
<doc>Logs the given message to the console.</doc>
<status status="PASS" starttime="20230321 11:12:01.992" endtime="20230321 11:12:01.993"/>
</kw>
<msg timestamp="20230321 11:12:01.995" level="INFO">${ArquivoJson} = [{'indice': '0', 'termo_pesquisa': 'HD Portatil Externo 1TB', 'produto_pesquisado': 'HD Portátil Externo 1TB WD Western Digital USB 3.0', 'valor_produto': '371', 'mensagem_de_sucesso': 'Adicionado ao ...</msg>
<status status="PASS" starttime="20230321 11:12:01.988" endtime="20230321 11:12:01.997"/>
</kw>
<kw name="Set Global Variable" library="BuiltIn">
<arg>${ArquivoJson}</arg>
<doc>Makes a variable available globally in all tests and suites.</doc>
<msg timestamp="20230321 11:12:01.998" level="INFO">${ArquivoJson} = [{'indice': '0', 'termo_pesquisa': 'HD Portatil Externo 1TB', 'produto_pesquisado': 'HD Portátil Externo 1TB WD Western Digital USB 3.0', 'valor_produto': '371', 'mensagem_de_sucesso': 'Adicionado ao ...</msg>
<status status="PASS" starttime="20230321 11:12:01.997" endtime="20230321 11:12:01.998"/>
</kw>
<kw name="Set Global Variable" library="BuiltIn">
<arg>${indice}</arg>
<doc>Makes a variable available globally in all tests and suites.</doc>
<msg timestamp="20230321 11:12:01.999" level="INFO">${indice} = 0</msg>
<status status="PASS" starttime="20230321 11:12:01.999" endtime="20230321 11:12:02.000"/>
</kw>
<kw name="Get From Dictionary" library="Collections">
<var>${termo_pesquisa}</var>
<arg>${ArquivoJson[${indice}]}</arg>
<arg>termo_pesquisa</arg>
<doc>Returns a value from the given ``dictionary`` based on the given ``key``.</doc>
<msg timestamp="20230321 11:12:02.001" level="INFO">${termo_pesquisa} = HD Portatil Externo 1TB</msg>
<status status="PASS" starttime="20230321 11:12:02.000" endtime="20230321 11:12:02.002"/>
</kw>
<kw name="Wait Until Element Is Visible" library="SeleniumLibrary">
<arg>id=twotabsearchtextbox</arg>
<doc>Waits until the element ``locator`` is visible.</doc>
<status status="PASS" starttime="20230321 11:12:02.002" endtime="20230321 11:12:02.059"/>
</kw>
<kw name="Input Text" library="SeleniumLibrary">
<arg>id=twotabsearchtextbox</arg>
<arg>${termo_pesquisa}</arg>
<doc>Types the given ``text`` into the text field identified by ``locator``.</doc>
<msg timestamp="20230321 11:12:02.060" level="INFO">Typing text 'HD Portatil Externo 1TB' into text field 'id=twotabsearchtextbox'.</msg>
<status status="PASS" starttime="20230321 11:12:02.059" endtime="20230321 11:12:02.209"/>
</kw>
<status status="PASS" starttime="20230321 11:12:01.987" endtime="20230321 11:12:02.209"/>
</kw>
<kw name="E clicar no botao de pesquisa" library="PagePesquisarProduto">
<kw name="Wait Until Element Is Visible" library="SeleniumLibrary">
<arg>id=nav-search-submit-button</arg>
<doc>Waits until the element ``locator`` is visible.</doc>
<status status="PASS" starttime="20230321 11:12:02.210" endtime="20230321 11:12:02.233"/>
</kw>
<kw name="Click Element" library="SeleniumLibrary">
<arg>id=nav-search-submit-button</arg>
<doc>Click the element identified by ``locator``.</doc>
<msg timestamp="20230321 11:12:02.234" level="INFO">Clicking element 'id=nav-search-submit-button'.</msg>
<status status="PASS" starttime="20230321 11:12:02.233" endtime="20230321 11:12:02.320"/>
</kw>
<status status="PASS" starttime="20230321 11:12:02.209" endtime="20230321 11:12:02.320"/>
</kw>
<kw name="E clico no produto" library="PagePesquisarProduto">
<kw name="Get From Dictionary" library="Collections">
<var>${produto_pesquisado}</var>
<arg>${ArquivoJson[${indice}]}</arg>
<arg>produto_pesquisado</arg>
<doc>Returns a value from the given ``dictionary`` based on the given ``key``.</doc>
<msg timestamp="20230321 11:12:02.321" level="INFO">${produto_pesquisado} = HD Portátil Externo 1TB WD Western Digital USB 3.0</msg>
<status status="PASS" starttime="20230321 11:12:02.320" endtime="20230321 11:12:02.321"/>
</kw>
<kw name="Wait Until Element Is Visible" library="SeleniumLibrary">
<arg>xpath=//*[contains(text(), '${produto_pesquisado}')]</arg>
<doc>Waits until the element ``locator`` is visible.</doc>
<status status="PASS" starttime="20230321 11:12:02.322" endtime="20230321 11:12:03.173"/>
</kw>
<kw name="Click Element" library="SeleniumLibrary">
<arg>xpath=//*[contains(text(), '${produto_pesquisado}')]</arg>
<doc>Click the element identified by ``locator``.</doc>
<msg timestamp="20230321 11:12:03.174" level="INFO">Clicking element 'xpath=//*[contains(text(), 'HD Portátil Externo 1TB WD Western Digital USB 3.0')]'.</msg>
<status status="PASS" starttime="20230321 11:12:03.173" endtime="20230321 11:12:05.881"/>
</kw>
<kw name="Sleep" library="BuiltIn">
<arg>5</arg>
<doc>Pauses the test executed for the given time.</doc>
<msg timestamp="20230321 11:12:10.881" level="INFO">Slept 5 seconds</msg>
<status status="PASS" starttime="20230321 11:12:05.881" endtime="20230321 11:12:10.881"/>
</kw>
<status status="PASS" starttime="20230321 11:12:02.320" endtime="20230321 11:12:10.881"/>
</kw>
<kw name="E verifico nome e preco [${indice}]" library="PageDetalheDoProduto" sourcename="E verifico nome e preco [${indice}]">
<kw name="Ler Arquivo Json [Vendors\\dados_produtos.json]" library="config" sourcename="Ler Arquivo Json [${LocalArquivoJson}]">
<var>${ArquivoJson}</var>
<kw name="Load Json From File" library="JSONLibrary">
<var>${ArquivoJson}</var>
<arg>${LocalArquivoJson}</arg>
<arg>UTF-8</arg>
<doc>Load JSON from file.</doc>
<msg timestamp="20230321 11:12:10.883" level="INFO">${ArquivoJson} = [{'indice': '0', 'termo_pesquisa': 'HD Portatil Externo 1TB', 'produto_pesquisado': 'HD Portátil Externo 1TB WD Western Digital USB 3.0', 'valor_produto': '371', 'mensagem_de_sucesso': 'Adicionado ao ...</msg>
<status status="PASS" starttime="20230321 11:12:10.882" endtime="20230321 11:12:10.883"/>
</kw>
<kw name="Log To Console" library="BuiltIn">
<arg>\nArquivo utilizado: ${LocalArquivoJson}</arg>
<doc>Logs the given message to the console.</doc>
<status status="PASS" starttime="20230321 11:12:10.883" endtime="20230321 11:12:10.884"/>
</kw>
<msg timestamp="20230321 11:12:10.884" level="INFO">${ArquivoJson} = [{'indice': '0', 'termo_pesquisa': 'HD Portatil Externo 1TB', 'produto_pesquisado': 'HD Portátil Externo 1TB WD Western Digital USB 3.0', 'valor_produto': '371', 'mensagem_de_sucesso': 'Adicionado ao ...</msg>
<status status="PASS" starttime="20230321 11:12:10.882" endtime="20230321 11:12:10.885"/>
</kw>
<kw name="Set Global Variable" library="BuiltIn">
<arg>${ArquivoJson}</arg>
<doc>Makes a variable available globally in all tests and suites.</doc>
<msg timestamp="20230321 11:12:10.885" level="INFO">${ArquivoJson} = [{'indice': '0', 'termo_pesquisa': 'HD Portatil Externo 1TB', 'produto_pesquisado': 'HD Portátil Externo 1TB WD Western Digital USB 3.0', 'valor_produto': '371', 'mensagem_de_sucesso': 'Adicionado ao ...</msg>
<status status="PASS" starttime="20230321 11:12:10.885" endtime="20230321 11:12:10.886"/>
</kw>
<kw name="Set Global Variable" library="BuiltIn">
<arg>${indice}</arg>
<doc>Makes a variable available globally in all tests and suites.</doc>
<msg timestamp="20230321 11:12:10.886" level="INFO">${indice} = 0</msg>
<status status="PASS" starttime="20230321 11:12:10.886" endtime="20230321 11:12:10.886"/>
</kw>
<kw name="Get Length" library="BuiltIn">
<var>${quantidade_produtos}</var>
<arg>${ArquivoJson}</arg>
<doc>Returns and logs the length of the given item as an integer.</doc>
<msg timestamp="20230321 11:12:10.887" level="INFO">Length is 2</msg>
<msg timestamp="20230321 11:12:10.887" level="INFO">${quantidade_produtos} = 2</msg>
<status status="PASS" starttime="20230321 11:12:10.886" endtime="20230321 11:12:10.887"/>
</kw>
<kw name="Get From Dictionary" library="Collections">
<var>${produto_pesquisado}</var>
<arg>${ArquivoJson[${indice}]}</arg>
<arg>produto_pesquisado</arg>
<doc>Returns a value from the given ``dictionary`` based on the given ``key``.</doc>
<msg timestamp="20230321 11:12:10.888" level="INFO">${produto_pesquisado} = HD Portátil Externo 1TB WD Western Digital USB 3.0</msg>
<status status="PASS" starttime="20230321 11:12:10.887" endtime="20230321 11:12:10.888"/>
</kw>
<kw name="Get From Dictionary" library="Collections">
<var>${valor_produto}</var>
<arg>${ArquivoJson[${indice}]}</arg>
<arg>valor_produto</arg>
<doc>Returns a value from the given ``dictionary`` based on the given ``key``.</doc>
<msg timestamp="20230321 11:12:10.889" level="INFO">${valor_produto} = 371</msg>
<status status="PASS" starttime="20230321 11:12:10.888" endtime="20230321 11:12:10.889"/>
</kw>
<kw name="Element Should Contain" library="SeleniumLibrary">
<arg>xpath=//span[@id='productTitle']</arg>
<arg>${produto_pesquisado}</arg>
<doc>Verifies that element ``locator`` contains text ``expected``.</doc>
<msg timestamp="20230321 11:12:10.919" level="INFO">Element 'xpath=//span[@id='productTitle']' contains text 'HD Portátil Externo 1TB WD Western Digital USB 3.0'.</msg>
<status status="PASS" starttime="20230321 11:12:10.889" endtime="20230321 11:12:10.920"/>
</kw>
<kw name="Element Should Contain" library="SeleniumLibrary">
<arg>class=a-price-whole</arg>
<arg>${valor_produto}</arg>
<doc>Verifies that element ``locator`` contains text ``expected``.</doc>
<msg timestamp="20230321 11:12:10.946" level="INFO">Element 'class=a-price-whole' contains text '371'.</msg>
<status status="PASS" starttime="20230321 11:12:10.920" endtime="20230321 11:12:10.946"/>
</kw>
<kw name="Capture Page Screenshot" library="SeleniumLibrary">
<arg>ProdutoComValorde${valor_produto}.png</arg>
<doc>Takes a screenshot of the current page and embeds it into a log file.</doc>
<msg timestamp="20230321 11:12:11.269" level="INFO" html="true">&lt;/td&gt;&lt;/tr&gt;&lt;tr&gt;&lt;td colspan="3"&gt;&lt;a href="ProdutoComValorde371.png"&gt;&lt;img src="ProdutoComValorde371.png" width="800px"&gt;&lt;/a&gt;</msg>
<status status="PASS" starttime="20230321 11:12:10.946" endtime="20230321 11:12:11.270"/>
</kw>
<status status="PASS" starttime="20230321 11:12:10.881" endtime="20230321 11:12:11.270"/>
</kw>
<kw name="E adiciono o produto no carrinho" library="PageDetalheDoProduto">
<kw name="Click Element" library="SeleniumLibrary">
<arg>css=input[title='Adicionar ao carrinho']</arg>
<doc>Click the element identified by ``locator``.</doc>
<msg timestamp="20230321 11:12:11.270" level="INFO">Clicking element 'css=input[title='Adicionar ao carrinho']'.</msg>
<status status="PASS" starttime="20230321 11:12:11.270" endtime="20230321 11:12:12.256"/>
</kw>
<status status="PASS" starttime="20230321 11:12:11.270" endtime="20230321 11:12:12.257"/>
</kw>
<kw name="Entao verifico mensagem de sucesso da inclusao" library="PageDetalheDoProduto">
<kw name="Get From Dictionary" library="Collections">
<var>${mensagem_de_sucesso}</var>
<arg>${ArquivoJson[${indice}]}</arg>
<arg>mensagem_de_sucesso</arg>
<doc>Returns a value from the given ``dictionary`` based on the given ``key``.</doc>
<msg timestamp="20230321 11:12:12.258" level="INFO">${mensagem_de_sucesso} = Adicionado ao carrinho</msg>
<status status="PASS" starttime="20230321 11:12:12.257" endtime="20230321 11:12:12.258"/>
</kw>
<kw name="Get Text" library="SeleniumLibrary">
<var>${texto_do_elemento}</var>
<arg>css=div[data-csa-c-content-id='NATC_SMART_WAGON_CONF_MSG_SUCCESS_CONTENT'] span</arg>
<doc>Returns the text value of the element identified by ``locator``.</doc>
<msg timestamp="20230321 11:12:12.293" level="INFO">${texto_do_elemento} = Adicionado ao carrinho</msg>
<status status="PASS" starttime="20230321 11:12:12.258" endtime="20230321 11:12:12.293"/>
</kw>
<kw name="Log To Console" library="BuiltIn">
<arg>Mensagem site: ${texto_do_elemento}</arg>
<doc>Logs the given message to the console.</doc>
<status status="PASS" starttime="20230321 11:12:12.293" endtime="20230321 11:12:12.294"/>
</kw>
<kw name="Should Be Equal" library="BuiltIn">
<arg>${texto_do_elemento}</arg>
<arg>${mensagem_de_sucesso}</arg>
<doc>Fails if the given objects are unequal.</doc>
<status status="PASS" starttime="20230321 11:12:12.294" endtime="20230321 11:12:12.294"/>
</kw>
<status status="PASS" starttime="20230321 11:12:12.257" endtime="20230321 11:12:12.294"/>
</kw>
<kw name="E clico no botao ir ao carrinho" library="PageDetalheDoProduto">
<kw name="Click Element" library="SeleniumLibrary">
<arg>xpath=//a[@href='/gp/cart/view.html?ref_=sw_gtc']</arg>
<doc>Click the element identified by ``locator``.</doc>
<msg timestamp="20230321 11:12:12.296" level="INFO">Clicking element 'xpath=//a[@href='/gp/cart/view.html?ref_=sw_gtc']'.</msg>
<status status="PASS" starttime="20230321 11:12:12.295" endtime="20230321 11:12:14.419"/>
</kw>
<status status="PASS" starttime="20230321 11:12:12.295" endtime="20230321 11:12:14.420"/>
</kw>
<kw name="E verifico no carrinho nome e preco [${indice}]" library="PageCarrinhoProduto" sourcename="E verifico no carrinho nome e preco [${indice}]">
<kw name="Ler Arquivo Json [Vendors\\dados_produtos.json]" library="config" sourcename="Ler Arquivo Json [${LocalArquivoJson}]">
<var>${ArquivoJson}</var>
<kw name="Load Json From File" library="JSONLibrary">
<var>${ArquivoJson}</var>
<arg>${LocalArquivoJson}</arg>
<arg>UTF-8</arg>
<doc>Load JSON from file.</doc>
<msg timestamp="20230321 11:12:14.421" level="INFO">${ArquivoJson} = [{'indice': '0', 'termo_pesquisa': 'HD Portatil Externo 1TB', 'produto_pesquisado': 'HD Portátil Externo 1TB WD Western Digital USB 3.0', 'valor_produto': '371', 'mensagem_de_sucesso': 'Adicionado ao ...</msg>
<status status="PASS" starttime="20230321 11:12:14.421" endtime="20230321 11:12:14.422"/>
</kw>
<kw name="Log To Console" library="BuiltIn">
<arg>\nArquivo utilizado: ${LocalArquivoJson}</arg>
<doc>Logs the given message to the console.</doc>
<status status="PASS" starttime="20230321 11:12:14.422" endtime="20230321 11:12:14.423"/>
</kw>
<msg timestamp="20230321 11:12:14.423" level="INFO">${ArquivoJson} = [{'indice': '0', 'termo_pesquisa': 'HD Portatil Externo 1TB', 'produto_pesquisado': 'HD Portátil Externo 1TB WD Western Digital USB 3.0', 'valor_produto': '371', 'mensagem_de_sucesso': 'Adicionado ao ...</msg>
<status status="PASS" starttime="20230321 11:12:14.420" endtime="20230321 11:12:14.424"/>
</kw>
<kw name="Set Global Variable" library="BuiltIn">
<arg>${ArquivoJson}</arg>
<doc>Makes a variable available globally in all tests and suites.</doc>
<msg timestamp="20230321 11:12:14.424" level="INFO">${ArquivoJson} = [{'indice': '0', 'termo_pesquisa': 'HD Portatil Externo 1TB', 'produto_pesquisado': 'HD Portátil Externo 1TB WD Western Digital USB 3.0', 'valor_produto': '371', 'mensagem_de_sucesso': 'Adicionado ao ...</msg>
<status status="PASS" starttime="20230321 11:12:14.424" endtime="20230321 11:12:14.424"/>
</kw>
<kw name="Set Global Variable" library="BuiltIn">
<arg>${indice}</arg>
<doc>Makes a variable available globally in all tests and suites.</doc>
<msg timestamp="20230321 11:12:14.425" level="INFO">${indice} = 0</msg>
<status status="PASS" starttime="20230321 11:12:14.425" endtime="20230321 11:12:14.425"/>
</kw>
<kw name="Get From Dictionary" library="Collections">
<var>${produto_pesquisado}</var>
<arg>${ArquivoJson[${indice}]}</arg>
<arg>produto_pesquisado</arg>
<doc>Returns a value from the given ``dictionary`` based on the given ``key``.</doc>
<msg timestamp="20230321 11:12:14.426" level="INFO">${produto_pesquisado} = HD Portátil Externo 1TB WD Western Digital USB 3.0</msg>
<status status="PASS" starttime="20230321 11:12:14.425" endtime="20230321 11:12:14.426"/>
</kw>
<kw name="Get From Dictionary" library="Collections">
<var>${valor_carrinho}</var>
<arg>${ArquivoJson[${indice}]}</arg>
<arg>valor_carrinho</arg>
<doc>Returns a value from the given ``dictionary`` based on the given ``key``.</doc>
<msg timestamp="20230321 11:12:14.427" level="INFO">${valor_carrinho} = R$ 371,11</msg>
<status status="PASS" starttime="20230321 11:12:14.426" endtime="20230321 11:12:14.427"/>
</kw>
<kw name="Get Text" library="SeleniumLibrary">
<var>${nome_produto_carrinho}</var>
<arg>css=span[data-a-word-break='normal'] span[aria-hidden='true']</arg>
<doc>Returns the text value of the element identified by ``locator``.</doc>
<msg timestamp="20230321 11:12:14.499" level="INFO">${nome_produto_carrinho} = HD Portátil Externo 1TB WD Western Digital USB 3.0</msg>
<status status="PASS" starttime="20230321 11:12:14.428" endtime="20230321 11:12:14.500"/>
</kw>
<kw name="Get Text" library="SeleniumLibrary">
<var>${valor_produto_carrinho}</var>
<arg>css=.a-size-medium.a-color-base.sc-price.sc-white-space-nowrap.sc-product-price.a-text-bold</arg>
<doc>Returns the text value of the element identified by ``locator``.</doc>
<msg timestamp="20230321 11:12:14.518" level="INFO">${valor_produto_carrinho} = R$ 371,11</msg>
<status status="PASS" starttime="20230321 11:12:14.500" endtime="20230321 11:12:14.518"/>
</kw>
<kw name="Log To Console" library="BuiltIn">
<arg>Nome Produto Carrinho: ${nome_produto_carrinho}</arg>
<doc>Logs the given message to the console.</doc>
<status status="PASS" starttime="20230321 11:12:14.519" endtime="20230321 11:12:14.519"/>
</kw>
<kw name="Log To Console" library="BuiltIn">
<arg>Valor Produto Carrinho: ${valor_produto_carrinho}</arg>
<doc>Logs the given message to the console.</doc>
<status status="PASS" starttime="20230321 11:12:14.519" endtime="20230321 11:12:14.520"/>
</kw>
<kw name="Should Be Equal" library="BuiltIn">
<arg>${nome_produto_carrinho}</arg>
<arg>${produto_pesquisado}</arg>
<doc>Fails if the given objects are unequal.</doc>
<status status="PASS" starttime="20230321 11:12:14.520" endtime="20230321 11:12:14.520"/>
</kw>
<kw name="Should Be Equal" library="BuiltIn">
<arg>${valor_produto_carrinho}</arg>
<arg>${valor_carrinho}</arg>
<doc>Fails if the given objects are unequal.</doc>
<status status="PASS" starttime="20230321 11:12:14.520" endtime="20230321 11:12:14.521"/>
</kw>
<status status="PASS" starttime="20230321 11:12:14.420" endtime="20230321 11:12:14.521"/>
</kw>
<kw name="E fecho o navegador" library="PageCarrinhoProduto">
<kw name="Fechar Navegador" library="config">
<kw name="Close Browser" library="SeleniumLibrary">
<doc>Closes the current browser.</doc>
<status status="PASS" starttime="20230321 11:12:14.522" endtime="20230321 11:12:16.706"/>
</kw>
<status status="PASS" starttime="20230321 11:12:14.521" endtime="20230321 11:12:16.707"/>
</kw>
<status status="PASS" starttime="20230321 11:12:14.521" endtime="20230321 11:12:16.708"/>
</kw>
<status status="PASS" starttime="20230321 11:11:56.251" endtime="20230321 11:12:16.708"/>
</iter>
<iter>
<var name="${indice}">1</var>
<kw name="Dado que acessei a tela inicial" library="PagePesquisarProduto">
<kw name="Abrir Site" library="config">
<kw name="Open Browser" library="SeleniumLibrary">
<arg>${url}</arg>
<arg>${browser}</arg>
<doc>Opens a new browser instance to the optional ``url``.</doc>
<msg timestamp="20230321 11:12:16.714" level="INFO">Opening browser 'Chrome' to base url 'https://www.amazon.com.br'.</msg>
<status status="PASS" starttime="20230321 11:12:16.711" endtime="20230321 11:12:19.460"/>
</kw>
<kw name="Sleep" library="BuiltIn">
<arg>3</arg>
<doc>Pauses the test executed for the given time.</doc>
<msg timestamp="20230321 11:12:22.461" level="INFO">Slept 3 seconds</msg>
<status status="PASS" starttime="20230321 11:12:19.460" endtime="20230321 11:12:22.461"/>
</kw>
<status status="PASS" starttime="20230321 11:12:16.711" endtime="20230321 11:12:22.461"/>
</kw>
<status status="PASS" starttime="20230321 11:12:16.710" endtime="20230321 11:12:22.461"/>
</kw>
<kw name="Quando eu preencher o campo pesquisar [${indice}]" library="PagePesquisarProduto" sourcename="Quando eu preencher o campo pesquisar [${indice}]">
<kw name="Ler Arquivo Json [Vendors\\dados_produtos.json]" library="config" sourcename="Ler Arquivo Json [${LocalArquivoJson}]">
<var>${ArquivoJson}</var>
<kw name="Load Json From File" library="JSONLibrary">
<var>${ArquivoJson}</var>
<arg>${LocalArquivoJson}</arg>
<arg>UTF-8</arg>
<doc>Load JSON from file.</doc>
<msg timestamp="20230321 11:12:22.463" level="INFO">${ArquivoJson} = [{'indice': '0', 'termo_pesquisa': 'HD Portatil Externo 1TB', 'produto_pesquisado': 'HD Portátil Externo 1TB WD Western Digital USB 3.0', 'valor_produto': '371', 'mensagem_de_sucesso': 'Adicionado ao ...</msg>
<status status="PASS" starttime="20230321 11:12:22.462" endtime="20230321 11:12:22.464"/>
</kw>
<kw name="Log To Console" library="BuiltIn">
<arg>\nArquivo utilizado: ${LocalArquivoJson}</arg>
<doc>Logs the given message to the console.</doc>
<status status="PASS" starttime="20230321 11:12:22.464" endtime="20230321 11:12:22.464"/>
</kw>
<msg timestamp="20230321 11:12:22.465" level="INFO">${ArquivoJson} = [{'indice': '0', 'termo_pesquisa': 'HD Portatil Externo 1TB', 'produto_pesquisado': 'HD Portátil Externo 1TB WD Western Digital USB 3.0', 'valor_produto': '371', 'mensagem_de_sucesso': 'Adicionado ao ...</msg>
<status status="PASS" starttime="20230321 11:12:22.462" endtime="20230321 11:12:22.465"/>
</kw>
<kw name="Set Global Variable" library="BuiltIn">
<arg>${ArquivoJson}</arg>
<doc>Makes a variable available globally in all tests and suites.</doc>
<msg timestamp="20230321 11:12:22.466" level="INFO">${ArquivoJson} = [{'indice': '0', 'termo_pesquisa': 'HD Portatil Externo 1TB', 'produto_pesquisado': 'HD Portátil Externo 1TB WD Western Digital USB 3.0', 'valor_produto': '371', 'mensagem_de_sucesso': 'Adicionado ao ...</msg>
<status status="PASS" starttime="20230321 11:12:22.465" endtime="20230321 11:12:22.466"/>
</kw>
<kw name="Set Global Variable" library="BuiltIn">
<arg>${indice}</arg>
<doc>Makes a variable available globally in all tests and suites.</doc>
<msg timestamp="20230321 11:12:22.466" level="INFO">${indice} = 1</msg>
<status status="PASS" starttime="20230321 11:12:22.466" endtime="20230321 11:12:22.466"/>
</kw>
<kw name="Get From Dictionary" library="Collections">
<var>${termo_pesquisa}</var>
<arg>${ArquivoJson[${indice}]}</arg>
<arg>termo_pesquisa</arg>
<doc>Returns a value from the given ``dictionary`` based on the given ``key``.</doc>
<msg timestamp="20230321 11:12:22.467" level="INFO">${termo_pesquisa} = HD Portatil Externo 1TB</msg>
<status status="PASS" starttime="20230321 11:12:22.466" endtime="20230321 11:12:22.467"/>
</kw>
<kw name="Wait Until Element Is Visible" library="SeleniumLibrary">
<arg>id=twotabsearchtextbox</arg>
<doc>Waits until the element ``locator`` is visible.</doc>
<status status="PASS" starttime="20230321 11:12:22.467" endtime="20230321 11:12:22.490"/>
</kw>
<kw name="Input Text" library="SeleniumLibrary">
<arg>id=twotabsearchtextbox</arg>
<arg>${termo_pesquisa}</arg>
<doc>Types the given ``text`` into the text field identified by ``locator``.</doc>
<msg timestamp="20230321 11:12:22.491" level="INFO">Typing text 'HD Portatil Externo 1TB' into text field 'id=twotabsearchtextbox'.</msg>
<status status="PASS" starttime="20230321 11:12:22.491" endtime="20230321 11:12:22.636"/>
</kw>
<status status="PASS" starttime="20230321 11:12:22.461" endtime="20230321 11:12:22.636"/>
</kw>
<kw name="E clicar no botao de pesquisa" library="PagePesquisarProduto">
<kw name="Wait Until Element Is Visible" library="SeleniumLibrary">
<arg>id=nav-search-submit-button</arg>
<doc>Waits until the element ``locator`` is visible.</doc>
<status status="PASS" starttime="20230321 11:12:22.637" endtime="20230321 11:12:22.673"/>
</kw>
<kw name="Click Element" library="SeleniumLibrary">
<arg>id=nav-search-submit-button</arg>
<doc>Click the element identified by ``locator``.</doc>
<msg timestamp="20230321 11:12:22.674" level="INFO">Clicking element 'id=nav-search-submit-button'.</msg>
<status status="PASS" starttime="20230321 11:12:22.674" endtime="20230321 11:12:22.754"/>
</kw>
<status status="PASS" starttime="20230321 11:12:22.637" endtime="20230321 11:12:22.755"/>
</kw>
<kw name="E clico no produto" library="PagePesquisarProduto">
<kw name="Get From Dictionary" library="Collections">
<var>${produto_pesquisado}</var>
<arg>${ArquivoJson[${indice}]}</arg>
<arg>produto_pesquisado</arg>
<doc>Returns a value from the given ``dictionary`` based on the given ``key``.</doc>
<msg timestamp="20230321 11:12:22.757" level="INFO">${produto_pesquisado} = SSD Externo Portátil Sandisk Extreme 1Tb</msg>
<status status="PASS" starttime="20230321 11:12:22.755" endtime="20230321 11:12:22.757"/>
</kw>
<kw name="Wait Until Element Is Visible" library="SeleniumLibrary">
<arg>xpath=//*[contains(text(), '${produto_pesquisado}')]</arg>
<doc>Waits until the element ``locator`` is visible.</doc>
<status status="PASS" starttime="20230321 11:12:22.757" endtime="20230321 11:12:23.415"/>
</kw>
<kw name="Click Element" library="SeleniumLibrary">
<arg>xpath=//*[contains(text(), '${produto_pesquisado}')]</arg>
<doc>Click the element identified by ``locator``.</doc>
<msg timestamp="20230321 11:12:23.416" level="INFO">Clicking element 'xpath=//*[contains(text(), 'SSD Externo Portátil Sandisk Extreme 1Tb')]'.</msg>
<status status="PASS" starttime="20230321 11:12:23.416" endtime="20230321 11:12:26.811"/>
</kw>
<kw name="Sleep" library="BuiltIn">
<arg>5</arg>
<doc>Pauses the test executed for the given time.</doc>
<msg timestamp="20230321 11:12:31.812" level="INFO">Slept 5 seconds</msg>
<status status="PASS" starttime="20230321 11:12:26.812" endtime="20230321 11:12:31.812"/>
</kw>
<status status="PASS" starttime="20230321 11:12:22.755" endtime="20230321 11:12:31.812"/>
</kw>
<kw name="E verifico nome e preco [${indice}]" library="PageDetalheDoProduto" sourcename="E verifico nome e preco [${indice}]">
<kw name="Ler Arquivo Json [Vendors\\dados_produtos.json]" library="config" sourcename="Ler Arquivo Json [${LocalArquivoJson}]">
<var>${ArquivoJson}</var>
<kw name="Load Json From File" library="JSONLibrary">
<var>${ArquivoJson}</var>
<arg>${LocalArquivoJson}</arg>
<arg>UTF-8</arg>
<doc>Load JSON from file.</doc>
<msg timestamp="20230321 11:12:31.815" level="INFO">${ArquivoJson} = [{'indice': '0', 'termo_pesquisa': 'HD Portatil Externo 1TB', 'produto_pesquisado': 'HD Portátil Externo 1TB WD Western Digital USB 3.0', 'valor_produto': '371', 'mensagem_de_sucesso': 'Adicionado ao ...</msg>
<status status="PASS" starttime="20230321 11:12:31.813" endtime="20230321 11:12:31.815"/>
</kw>
<kw name="Log To Console" library="BuiltIn">
<arg>\nArquivo utilizado: ${LocalArquivoJson}</arg>
<doc>Logs the given message to the console.</doc>
<status status="PASS" starttime="20230321 11:12:31.815" endtime="20230321 11:12:31.817"/>
</kw>
<msg timestamp="20230321 11:12:31.818" level="INFO">${ArquivoJson} = [{'indice': '0', 'termo_pesquisa': 'HD Portatil Externo 1TB', 'produto_pesquisado': 'HD Portátil Externo 1TB WD Western Digital USB 3.0', 'valor_produto': '371', 'mensagem_de_sucesso': 'Adicionado ao ...</msg>
<status status="PASS" starttime="20230321 11:12:31.813" endtime="20230321 11:12:31.818"/>
</kw>
<kw name="Set Global Variable" library="BuiltIn">
<arg>${ArquivoJson}</arg>
<doc>Makes a variable available globally in all tests and suites.</doc>
<msg timestamp="20230321 11:12:31.818" level="INFO">${ArquivoJson} = [{'indice': '0', 'termo_pesquisa': 'HD Portatil Externo 1TB', 'produto_pesquisado': 'HD Portátil Externo 1TB WD Western Digital USB 3.0', 'valor_produto': '371', 'mensagem_de_sucesso': 'Adicionado ao ...</msg>
<status status="PASS" starttime="20230321 11:12:31.818" endtime="20230321 11:12:31.819"/>
</kw>
<kw name="Set Global Variable" library="BuiltIn">
<arg>${indice}</arg>
<doc>Makes a variable available globally in all tests and suites.</doc>
<msg timestamp="20230321 11:12:31.819" level="INFO">${indice} = 1</msg>
<status status="PASS" starttime="20230321 11:12:31.819" endtime="20230321 11:12:31.819"/>
</kw>
<kw name="Get Length" library="BuiltIn">
<var>${quantidade_produtos}</var>
<arg>${ArquivoJson}</arg>
<doc>Returns and logs the length of the given item as an integer.</doc>
<msg timestamp="20230321 11:12:31.820" level="INFO">Length is 2</msg>
<msg timestamp="20230321 11:12:31.820" level="INFO">${quantidade_produtos} = 2</msg>
<status status="PASS" starttime="20230321 11:12:31.819" endtime="20230321 11:12:31.820"/>
</kw>
<kw name="Get From Dictionary" library="Collections">
<var>${produto_pesquisado}</var>
<arg>${ArquivoJson[${indice}]}</arg>
<arg>produto_pesquisado</arg>
<doc>Returns a value from the given ``dictionary`` based on the given ``key``.</doc>
<msg timestamp="20230321 11:12:31.821" level="INFO">${produto_pesquisado} = SSD Externo Portátil Sandisk Extreme 1Tb</msg>
<status status="PASS" starttime="20230321 11:12:31.820" endtime="20230321 11:12:31.821"/>
</kw>
<kw name="Get From Dictionary" library="Collections">
<var>${valor_produto}</var>
<arg>${ArquivoJson[${indice}]}</arg>
<arg>valor_produto</arg>
<doc>Returns a value from the given ``dictionary`` based on the given ``key``.</doc>
<msg timestamp="20230321 11:12:31.822" level="INFO">${valor_produto} = 713</msg>
<status status="PASS" starttime="20230321 11:12:31.821" endtime="20230321 11:12:31.822"/>
</kw>
<kw name="Element Should Contain" library="SeleniumLibrary">
<arg>xpath=//span[@id='productTitle']</arg>
<arg>${produto_pesquisado}</arg>
<doc>Verifies that element ``locator`` contains text ``expected``.</doc>
<msg timestamp="20230321 11:12:31.848" level="INFO">Element 'xpath=//span[@id='productTitle']' contains text 'SSD Externo Portátil Sandisk Extreme 1Tb'.</msg>
<status status="PASS" starttime="20230321 11:12:31.822" endtime="20230321 11:12:31.848"/>
</kw>
<kw name="Element Should Contain" library="SeleniumLibrary">
<arg>class=a-price-whole</arg>
<arg>${valor_produto}</arg>
<doc>Verifies that element ``locator`` contains text ``expected``.</doc>
<msg timestamp="20230321 11:12:31.870" level="INFO">Element 'class=a-price-whole' contains text '713'.</msg>
<status status="PASS" starttime="20230321 11:12:31.849" endtime="20230321 11:12:31.870"/>
</kw>
<kw name="Capture Page Screenshot" library="SeleniumLibrary">
<arg>ProdutoComValorde${valor_produto}.png</arg>
<doc>Takes a screenshot of the current page and embeds it into a log file.</doc>
<msg timestamp="20230321 11:12:32.371" level="INFO" html="true">&lt;/td&gt;&lt;/tr&gt;&lt;tr&gt;&lt;td colspan="3"&gt;&lt;a href="ProdutoComValorde713.png"&gt;&lt;img src="ProdutoComValorde713.png" width="800px"&gt;&lt;/a&gt;</msg>
<status status="PASS" starttime="20230321 11:12:31.870" endtime="20230321 11:12:32.371"/>
</kw>
<status status="PASS" starttime="20230321 11:12:31.812" endtime="20230321 11:12:32.371"/>
</kw>
<kw name="E adiciono o produto no carrinho" library="PageDetalheDoProduto">
<kw name="Click Element" library="SeleniumLibrary">
<arg>css=input[title='Adicionar ao carrinho']</arg>
<doc>Click the element identified by ``locator``.</doc>
<msg timestamp="20230321 11:12:32.372" level="INFO">Clicking element 'css=input[title='Adicionar ao carrinho']'.</msg>
<status status="PASS" starttime="20230321 11:12:32.371" endtime="20230321 11:12:33.244"/>
</kw>
<status status="PASS" starttime="20230321 11:12:32.371" endtime="20230321 11:12:33.245"/>
</kw>
<kw name="Entao verifico mensagem de sucesso da inclusao" library="PageDetalheDoProduto">
<kw name="Get From Dictionary" library="Collections">
<var>${mensagem_de_sucesso}</var>
<arg>${ArquivoJson[${indice}]}</arg>
<arg>mensagem_de_sucesso</arg>
<doc>Returns a value from the given ``dictionary`` based on the given ``key``.</doc>
<msg timestamp="20230321 11:12:33.246" level="INFO">${mensagem_de_sucesso} = Adicionado ao carrinho</msg>
<status status="PASS" starttime="20230321 11:12:33.245" endtime="20230321 11:12:33.246"/>
</kw>
<kw name="Get Text" library="SeleniumLibrary">
<var>${texto_do_elemento}</var>
<arg>css=div[data-csa-c-content-id='NATC_SMART_WAGON_CONF_MSG_SUCCESS_CONTENT'] span</arg>
<doc>Returns the text value of the element identified by ``locator``.</doc>
<msg timestamp="20230321 11:12:33.287" level="INFO">${texto_do_elemento} = Adicionado ao carrinho</msg>
<status status="PASS" starttime="20230321 11:12:33.246" endtime="20230321 11:12:33.287"/>
</kw>
<kw name="Log To Console" library="BuiltIn">
<arg>Mensagem site: ${texto_do_elemento}</arg>
<doc>Logs the given message to the console.</doc>
<status status="PASS" starttime="20230321 11:12:33.288" endtime="20230321 11:12:33.288"/>
</kw>
<kw name="Should Be Equal" library="BuiltIn">
<arg>${texto_do_elemento}</arg>
<arg>${mensagem_de_sucesso}</arg>
<doc>Fails if the given objects are unequal.</doc>
<status status="PASS" starttime="20230321 11:12:33.288" endtime="20230321 11:12:33.289"/>
</kw>
<status status="PASS" starttime="20230321 11:12:33.245" endtime="20230321 11:12:33.289"/>
</kw>
<kw name="E clico no botao ir ao carrinho" library="PageDetalheDoProduto">
<kw name="Click Element" library="SeleniumLibrary">
<arg>xpath=//a[@href='/gp/cart/view.html?ref_=sw_gtc']</arg>
<doc>Click the element identified by ``locator``.</doc>
<msg timestamp="20230321 11:12:33.290" level="INFO">Clicking element 'xpath=//a[@href='/gp/cart/view.html?ref_=sw_gtc']'.</msg>
<status status="PASS" starttime="20230321 11:12:33.290" endtime="20230321 11:12:35.158"/>
</kw>
<status status="PASS" starttime="20230321 11:12:33.289" endtime="20230321 11:12:35.158"/>
</kw>
<kw name="E verifico no carrinho nome e preco [${indice}]" library="PageCarrinhoProduto" sourcename="E verifico no carrinho nome e preco [${indice}]">
<kw name="Ler Arquivo Json [Vendors\\dados_produtos.json]" library="config" sourcename="Ler Arquivo Json [${LocalArquivoJson}]">
<var>${ArquivoJson}</var>
<kw name="Load Json From File" library="JSONLibrary">
<var>${ArquivoJson}</var>
<arg>${LocalArquivoJson}</arg>
<arg>UTF-8</arg>
<doc>Load JSON from file.</doc>
<msg timestamp="20230321 11:12:35.160" level="INFO">${ArquivoJson} = [{'indice': '0', 'termo_pesquisa': 'HD Portatil Externo 1TB', 'produto_pesquisado': 'HD Portátil Externo 1TB WD Western Digital USB 3.0', 'valor_produto': '371', 'mensagem_de_sucesso': 'Adicionado ao ...</msg>
<status status="PASS" starttime="20230321 11:12:35.159" endtime="20230321 11:12:35.160"/>
</kw>
<kw name="Log To Console" library="BuiltIn">
<arg>\nArquivo utilizado: ${LocalArquivoJson}</arg>
<doc>Logs the given message to the console.</doc>
<status status="PASS" starttime="20230321 11:12:35.160" endtime="20230321 11:12:35.161"/>
</kw>
<msg timestamp="20230321 11:12:35.161" level="INFO">${ArquivoJson} = [{'indice': '0', 'termo_pesquisa': 'HD Portatil Externo 1TB', 'produto_pesquisado': 'HD Portátil Externo 1TB WD Western Digital USB 3.0', 'valor_produto': '371', 'mensagem_de_sucesso': 'Adicionado ao ...</msg>
<status status="PASS" starttime="20230321 11:12:35.159" endtime="20230321 11:12:35.161"/>
</kw>
<kw name="Set Global Variable" library="BuiltIn">
<arg>${ArquivoJson}</arg>
<doc>Makes a variable available globally in all tests and suites.</doc>
<msg timestamp="20230321 11:12:35.162" level="INFO">${ArquivoJson} = [{'indice': '0', 'termo_pesquisa': 'HD Portatil Externo 1TB', 'produto_pesquisado': 'HD Portátil Externo 1TB WD Western Digital USB 3.0', 'valor_produto': '371', 'mensagem_de_sucesso': 'Adicionado ao ...</msg>
<status status="PASS" starttime="20230321 11:12:35.161" endtime="20230321 11:12:35.162"/>
</kw>
<kw name="Set Global Variable" library="BuiltIn">
<arg>${indice}</arg>
<doc>Makes a variable available globally in all tests and suites.</doc>
<msg timestamp="20230321 11:12:35.162" level="INFO">${indice} = 1</msg>
<status status="PASS" starttime="20230321 11:12:35.162" endtime="20230321 11:12:35.162"/>
</kw>
<kw name="Get From Dictionary" library="Collections">
<var>${produto_pesquisado}</var>
<arg>${ArquivoJson[${indice}]}</arg>
<arg>produto_pesquisado</arg>
<doc>Returns a value from the given ``dictionary`` based on the given ``key``.</doc>
<msg timestamp="20230321 11:12:35.163" level="INFO">${produto_pesquisado} = SSD Externo Portátil Sandisk Extreme 1Tb</msg>
<status status="PASS" starttime="20230321 11:12:35.162" endtime="20230321 11:12:35.163"/>
</kw>
<kw name="Get From Dictionary" library="Collections">
<var>${valor_carrinho}</var>
<arg>${ArquivoJson[${indice}]}</arg>
<arg>valor_carrinho</arg>
<doc>Returns a value from the given ``dictionary`` based on the given ``key``.</doc>
<msg timestamp="20230321 11:12:35.165" level="INFO">${valor_carrinho} = R$ 713,59</msg>
<status status="PASS" starttime="20230321 11:12:35.163" endtime="20230321 11:12:35.165"/>
</kw>
<kw name="Get Text" library="SeleniumLibrary">
<var>${nome_produto_carrinho}</var>
<arg>css=span[data-a-word-break='normal'] span[aria-hidden='true']</arg>
<doc>Returns the text value of the element identified by ``locator``.</doc>
<msg timestamp="20230321 11:12:35.283" level="INFO">${nome_produto_carrinho} = SSD Externo Portátil Sandisk Extreme 1Tb</msg>
<status status="PASS" starttime="20230321 11:12:35.166" endtime="20230321 11:12:35.283"/>
</kw>
<kw name="Get Text" library="SeleniumLibrary">
<var>${valor_produto_carrinho}</var>
<arg>css=.a-size-medium.a-color-base.sc-price.sc-white-space-nowrap.sc-product-price.a-text-bold</arg>
<doc>Returns the text value of the element identified by ``locator``.</doc>
<msg timestamp="20230321 11:12:35.305" level="INFO">${valor_produto_carrinho} = R$ 713,59</msg>
<status status="PASS" starttime="20230321 11:12:35.283" endtime="20230321 11:12:35.305"/>
</kw>
<kw name="Log To Console" library="BuiltIn">
<arg>Nome Produto Carrinho: ${nome_produto_carrinho}</arg>
<doc>Logs the given message to the console.</doc>
<status status="PASS" starttime="20230321 11:12:35.305" endtime="20230321 11:12:35.306"/>
</kw>
<kw name="Log To Console" library="BuiltIn">
<arg>Valor Produto Carrinho: ${valor_produto_carrinho}</arg>
<doc>Logs the given message to the console.</doc>
<status status="PASS" starttime="20230321 11:12:35.306" endtime="20230321 11:12:35.306"/>
</kw>
<kw name="Should Be Equal" library="BuiltIn">
<arg>${nome_produto_carrinho}</arg>
<arg>${produto_pesquisado}</arg>
<doc>Fails if the given objects are unequal.</doc>
<status status="PASS" starttime="20230321 11:12:35.307" endtime="20230321 11:12:35.307"/>
</kw>
<kw name="Should Be Equal" library="BuiltIn">
<arg>${valor_produto_carrinho}</arg>
<arg>${valor_carrinho}</arg>
<doc>Fails if the given objects are unequal.</doc>
<status status="PASS" starttime="20230321 11:12:35.307" endtime="20230321 11:12:35.307"/>
</kw>
<status status="PASS" starttime="20230321 11:12:35.159" endtime="20230321 11:12:35.308"/>
</kw>
<kw name="E fecho o navegador" library="PageCarrinhoProduto">
<kw name="Fechar Navegador" library="config">
<kw name="Close Browser" library="SeleniumLibrary">
<doc>Closes the current browser.</doc>
<status status="PASS" starttime="20230321 11:12:35.308" endtime="20230321 11:12:37.413"/>
</kw>
<status status="PASS" starttime="20230321 11:12:35.308" endtime="20230321 11:12:37.413"/>
</kw>
<status status="PASS" starttime="20230321 11:12:35.308" endtime="20230321 11:12:37.413"/>
</kw>
<status status="PASS" starttime="20230321 11:12:16.709" endtime="20230321 11:12:37.413"/>
</iter>
<status status="PASS" starttime="20230321 11:11:56.251" endtime="20230321 11:12:37.413"/>
</for>
<status status="PASS" starttime="20230321 11:11:56.242" endtime="20230321 11:12:37.414"/>
</test>
<status status="PASS" starttime="20230321 11:11:55.944" endtime="20230321 11:12:37.416"/>
</suite>
<statistics>
<total>
<stat pass="1" fail="0" skip="0">All Tests</stat>
</total>
<tag>
</tag>
<suite>
<stat pass="1" fail="0" skip="0" id="s1" name="TestCasePesquisarProduto">TestCasePesquisarProduto</stat>
</suite>
</statistics>
<errors>
</errors>
</robot>
