<?xml version="1.0" encoding="UTF-8"?>
<robot generator="Robot 6.0.2 (Python 3.11.1 on win32)" generated="20230312 15:02:57.825" rpa="false" schemaversion="3">
<suite id="s1" name="pageObejct" source="F:\projetoPython\iterasys\pageObejct">
<suite id="s1-s1" name="Teste" source="F:\projetoPython\iterasys\pageObejct\teste.robot">
<test id="s1-s1-t1" name="Testecase1" line="5">
<kw name="Abrir Site">
<msg timestamp="20230312 15:02:58.055" level="FAIL">No keyword with name 'Abrir Site' found.</msg>
<status status="FAIL" starttime="20230312 15:02:58.053" endtime="20230312 15:02:58.055"/>
</kw>
<status status="FAIL" starttime="20230312 15:02:58.050" endtime="20230312 15:02:58.058">No keyword with name 'Abrir Site' found.</status>
</test>
<status status="FAIL" starttime="20230312 15:02:57.855" endtime="20230312 15:02:58.059"/>
</suite>
<status status="FAIL" starttime="20230312 15:02:57.833" endtime="20230312 15:02:58.062"/>
</suite>
<statistics>
<total>
<stat pass="0" fail="1" skip="0">All Tests</stat>
</total>
<tag>
</tag>
<suite>
<stat pass="0" fail="1" skip="0" id="s1" name="pageObejct">pageObejct</stat>
<stat pass="0" fail="1" skip="0" id="s1-s1" name="Teste">pageObejct.Teste</stat>
</suite>
</statistics>
<errors>
</errors>
</robot>
